<?xml version="1.0" encoding="UTF-8"?>
<!-- Generated by org.testng.reporters.JUnitXMLReporter -->
<testsuite hostname="arpith13" ignored="2" name="Default test" tests="1" failures="0" timestamp="2021-05-29T13:54:50 IST" time="72.458" errors="0">
  <testcase name="testcase2" time="72.357" classname="Framework.HybridAppTesting"/>
  <testcase name="testcase3" time="0.0" classname="Framework.HybridAppTesting">
    <ignored/>
  </testcase> <!-- testcase3 -->
  <testcase name="testcase1" time="0.0" classname="Framework.HybridAppTesting">
    <ignored/>
  </testcase> <!-- testcase1 -->
</testsuite> <!-- Default test -->
