<?xml version="1.0" encoding="UTF-8"?>
<!-- Generated by org.testng.reporters.JUnitXMLReporter -->
<testsuite hostname="arpith13" ignored="0" name="Test" tests="4" failures="0" timestamp="2021-06-01T00:18:15 IST" time="219.959" errors="0">
  <testcase name="Navigating_to_Practice_Test_page" time="29.326" classname="Framework.HybridAppTesting"/>
  <testcase name="Edit_My_Courses" time="14.386" classname="Framework.HybridAppTesting"/>
  <testcase name="BookMark_Math_Course" time="10.86" classname="Framework.HybridAppTesting"/>
  <testcase name="Viwed_Biology_Video" time="78.716" classname="Framework.HybridAppTesting"/>
</testsuite> <!-- Test -->
