<?xml version="1.0" encoding="UTF-8"?>
<testsuite xmlns:xsi="http://www.w3.org/2001/XMLSchema-instance" xsi:noNamespaceSchemaLocation="https://maven.apache.org/surefire/maven-surefire-plugin/xsd/surefire-test-report-3.0.xsd" version="3.0" name="TestSuite" time="222.443" tests="4" errors="0" skipped="0" failures="0">
  <properties>
[...]
</properties>
  <testcase name="Navigating_to_Practice_Test_page" classname="Framework.HybridAppTesting" time="29.338">
    <system-out><![CDATA[&amp#27;[35m[Appium]&amp#27;[39m Welcome to Appium v1.17.1
&amp#27;[35m[Appium]&amp#27;[39m Non-default server args:
&amp#27;[35m[Appium]&amp#27;[39m   address: 127.0.0.1
&amp#27;[35m[Appium]&amp#27;[39m Appium REST http interface listener started on 127.0.0.1:4723
&amp#27;[35m[HTTP]&amp#27;[39m &amp#27;[37m-->&amp#27;[39m &amp#27;[37mGET&amp#27;[39m &amp#27;[37m/wd/hub/status&amp#27;[39m
&amp#27;[35m[HTTP]&amp#27;[39m &amp#27;[90m{}&amp#27;[39m
[debug] &amp#27;[35m[GENERIC]&amp#27;[39m Calling AppiumDriver.getStatus() with args: []
[debug] &amp#27;[35m[GENERIC]&amp#27;[39m Responding to client with driver.getStatus() result: {"build":{"version":"1.17.1"}}
&amp#27;[35m[HTTP]&amp#27;[39m &amp#27;[37m<-- GET /wd/hub/status &amp#27;[39m&amp#27;[32m200&amp#27;[39m &amp#27;[90m17 ms - 68&amp#27;[39m
&amp#27;[35m[HTTP]&amp#27;[39m &amp#27;[90m&amp#27;[39m
&amp#27;[35m[HTTP]&amp#27;[39m &amp#27;[37m-->&amp#27;[39m &amp#27;[37mPOST&amp#27;[39m &amp#27;[37m/wd/hub/session&amp#27;[39m
&amp#27;[35m[HTTP]&amp#27;[39m &amp#27;[90m{"desiredCapabilities":{"appActivity":"org.khanacademy.android.ui.library.MainActivity","appPackage":"org.khanacademy.android","chromedriverExecutable":"C:\\Users\\Arpitha\\Downloads\\chromedriver_win32 (2)\\chromedriver.exe","noReset":"True","platformName":"Android","deviceName":"Arpitha Android"},"capabilities":{"firstMatch":[{"appium:appActivity":"org.khanacademy.android.ui.library.MainActivity","appium:appPackage":"org.khanacademy.android","appium:chromedriverExecutable":"C:\\Users\\Arpitha\\Downloads\\chromedriver_win32 (2)\\chromedriver.exe","appium:deviceName":"Arpitha Android","appium:noReset":"True","platformName":"android"}]}}&amp#27;[39m
[debug] &amp#27;[35m[W3C]&amp#27;[39m Calling AppiumDriver.createSession() with args: [{"appActivity":"org.khanacademy.android.ui.library.MainActivity","appPackage":"org.khanacademy.android","chromedriverExecutable":"C:\\Users\\Arpitha\\Downloads\\chromedriver_win32 (2)\\chromedriver.exe","noReset":"True","platformName":"Android","deviceName":"Arpitha Android"},null,{"firstMatch":[{"appium:appActivity":"org.khanacademy.android.ui.library.MainActivity","appium:appPackage":"org.khanacademy.android","appium:chromedriverExecutable":"C:\\Users\\Arpitha\\Downloads\\chromedriver_win32 (2)\\chromedriver.exe","appium:deviceName":"Arpitha Android","appium:noReset":"True","platformName":"android"}]}]
[debug] &amp#27;[35m[BaseDriver]&amp#27;[39m Event 'newSessionRequested' logged at 1622486696473 (00:14:56 GMT+0530 (India Standard Time))
&amp#27;[35m[Appium]&amp#27;[39m Could not parse W3C capabilities: 'noReset' must be of type boolean
&amp#27;[35m[Appium]&amp#27;[39m Trying to fix W3C capabilities by merging them with JSONWP caps
&amp#27;[35m[BaseDriver]&amp#27;[39m The following capabilities are not standard capabilities and should have an extension prefix:
&amp#27;[35m[BaseDriver]&amp#27;[39m   appActivity
&amp#27;[35m[BaseDriver]&amp#27;[39m   appPackage
&amp#27;[35m[BaseDriver]&amp#27;[39m   chromedriverExecutable
&amp#27;[35m[BaseDriver]&amp#27;[39m   deviceName
&amp#27;[35m[BaseDriver]&amp#27;[39m   noReset
&amp#27;[35m[Appium]&amp#27;[39m Could not parse fixed W3C capabilities: 'noReset' must be of type boolean. Falling back to JSONWP protocol
&amp#27;[35m[Appium]&amp#27;[39m 
&amp#27;[35m[Appium]&amp#27;[39m ======================================================================
&amp#27;[35m[Appium]&amp#27;[39m   DEPRECATION WARNING:
&amp#27;[35m[Appium]&amp#27;[39m 
&amp#27;[35m[Appium]&amp#27;[39m   The 'automationName' capability was not provided in the desired 
&amp#27;[35m[Appium]&amp#27;[39m   capabilities for this Android session
&amp#27;[35m[Appium]&amp#27;[39m 
&amp#27;[35m[Appium]&amp#27;[39m   Setting 'automationName=UiAutomator2' by default and using the 
&amp#27;[35m[Appium]&amp#27;[39m   UiAutomator2 Driver
&amp#27;[35m[Appium]&amp#27;[39m 
&amp#27;[35m[Appium]&amp#27;[39m   The next major version of Appium (2.x) will **require** the 
&amp#27;[35m[Appium]&amp#27;[39m   'automationName' capability to be set for all sessions on all 
&amp#27;[35m[Appium]&amp#27;[39m   platforms
&amp#27;[35m[Appium]&amp#27;[39m 
&amp#27;[35m[Appium]&amp#27;[39m   In previous versions (Appium <= 1.13.x), the default was 
&amp#27;[35m[Appium]&amp#27;[39m   'automationName=UiAutomator1'
&amp#27;[35m[Appium]&amp#27;[39m 
&amp#27;[35m[Appium]&amp#27;[39m   If you wish to use that automation instead of UiAutomator2, please 
&amp#27;[35m[Appium]&amp#27;[39m   add 'automationName=UiAutomator1' to your desired capabilities
&amp#27;[35m[Appium]&amp#27;[39m 
&amp#27;[35m[Appium]&amp#27;[39m   For more information about drivers, please visit 
&amp#27;[35m[Appium]&amp#27;[39m   http://appium.io/docs/en/about-appium/intro/ and explore the 
&amp#27;[35m[Appium]&amp#27;[39m   'Drivers' menu
&amp#27;[35m[Appium]&amp#27;[39m 
&amp#27;[35m[Appium]&amp#27;[39m ======================================================================
&amp#27;[35m[Appium]&amp#27;[39m 
&amp#27;[35m[Appium]&amp#27;[39m Appium v1.17.1 creating new AndroidUiautomator2Driver (v1.44.2) session
[debug] &amp#27;[35m[BaseDriver]&amp#27;[39m Creating session with MJSONWP desired capabilities: {
[debug] &amp#27;[35m[BaseDriver]&amp#27;[39m   "appActivity": "org.khanacademy.android.ui.library.MainActivity",
[debug] &amp#27;[35m[BaseDriver]&amp#27;[39m   "appPackage": "org.khanacademy.android",
[debug] &amp#27;[35m[BaseDriver]&amp#27;[39m   "chromedriverExecutable": "C:\\Users\\Arpitha\\Downloads\\chromedriver_win32 (2)\\chromedriver.exe",
[debug] &amp#27;[35m[BaseDriver]&amp#27;[39m   "noReset": "True",
[debug] &amp#27;[35m[BaseDriver]&amp#27;[39m   "platformName": "Android",
[debug] &amp#27;[35m[BaseDriver]&amp#27;[39m   "deviceName": "Arpitha Android"
[debug] &amp#27;[35m[BaseDriver]&amp#27;[39m }
&amp#27;[35m[BaseDriver]&amp#27;[39m Capability 'noReset' changed from string to boolean. This may cause unexpected behavior
&amp#27;[35m[BaseDriver]&amp#27;[39m Session created with session id: 869e7807-8bcb-4a6d-92bb-a3c748acb768
&amp#27;[35m[UiAutomator2]&amp#27;[39m Starting 'org.khanacademy.android' directly on the device
&amp#27;[35m[ADB]&amp#27;[39m The ANDROID_HOME environment variable is not set to the Android SDK root directory path. ANDROID_HOME is required for compatibility with SDK 23+. Checking along PATH for adb.
&amp#27;[35m[ADB]&amp#27;[39m Using 'adb.exe' from 'C:\Users\Arpitha\AppData\Local\Android\Sdk\platform-tools\adb.exe'
&amp#27;[35m[AndroidDriver]&amp#27;[39m Retrieving device list
[debug] &amp#27;[35m[ADB]&amp#27;[39m Trying to find a connected android device
[debug] &amp#27;[35m[ADB]&amp#27;[39m Getting connected devices...
[debug] &amp#27;[35m[ADB]&amp#27;[39m Connected devices: [{"udid":"emulator-5554","state":"device"}]
&amp#27;[35m[AndroidDriver]&amp#27;[39m Using device: emulator-5554
&amp#27;[35m[ADB]&amp#27;[39m The ANDROID_HOME environment variable is not set to the Android SDK root directory path. ANDROID_HOME is required for compatibility with SDK 23+. Checking along PATH for adb.
&amp#27;[35m[ADB]&amp#27;[39m Using 'adb.exe' from 'C:\Users\Arpitha\AppData\Local\Android\Sdk\platform-tools\adb.exe'
[debug] &amp#27;[35m[ADB]&amp#27;[39m Setting device id to emulator-5554
[debug] &amp#27;[35m[ADB]&amp#27;[39m Running 'C:\Users\Arpitha\AppData\Local\Android\Sdk\platform-tools\adb.exe -P 5037 -s emulator-5554 shell getprop ro.build.version.sdk'
[debug] &amp#27;[35m[ADB]&amp#27;[39m Current device property 'ro.build.version.sdk': 26
[debug] &amp#27;[35m[ADB]&amp#27;[39m Device API level: 26
&amp#27;[35m[AndroidDriver]&amp#27;[39m No app sent in, not parsing package/activity
[debug] &amp#27;[35m[ADB]&amp#27;[39m Running 'C:\Users\Arpitha\AppData\Local\Android\Sdk\platform-tools\adb.exe -P 5037 -s emulator-5554 wait-for-device'
[debug] &amp#27;[35m[ADB]&amp#27;[39m Running 'C:\Users\Arpitha\AppData\Local\Android\Sdk\platform-tools\adb.exe -P 5037 -s emulator-5554 shell echo ping'
[debug] &amp#27;[35m[AndroidDriver]&amp#27;[39m Pushing settings apk to device...
[debug] &amp#27;[35m[ADB]&amp#27;[39m Getting install status for io.appium.settings
[debug] &amp#27;[35m[ADB]&amp#27;[39m Running 'C:\Users\Arpitha\AppData\Local\Android\Sdk\platform-tools\adb.exe -P 5037 -s emulator-5554 shell dumpsys package io.appium.settings'
[debug] &amp#27;[35m[ADB]&amp#27;[39m 'io.appium.settings' is installed
[debug] &amp#27;[35m[ADB]&amp#27;[39m Getting package info for 'io.appium.settings'
[debug] &amp#27;[35m[ADB]&amp#27;[39m Running 'C:\Users\Arpitha\AppData\Local\Android\Sdk\platform-tools\adb.exe -P 5037 -s emulator-5554 shell dumpsys package io.appium.settings'
[debug] &amp#27;[35m[ADB]&amp#27;[39m The version name of the installed 'io.appium.settings' is greater or equal to the application version name ('3.1.0' >= '3.1.0')
[debug] &amp#27;[35m[ADB]&amp#27;[39m There is no need to install/upgrade 'C:\Users\Arpitha\AppData\Roaming\npm\node_modules\appium\node_modules\io.appium.settings\apks\settings_apk-debug.apk'
[debug] &amp#27;[35m[ADB]&amp#27;[39m Getting IDs of all 'io.appium.settings' processes
[debug] &amp#27;[35m[ADB]&amp#27;[39m Running 'C:\Users\Arpitha\AppData\Local\Android\Sdk\platform-tools\adb.exe -P 5037 -s emulator-5554 shell 'pgrep --help; echo $?''
[debug] &amp#27;[35m[ADB]&amp#27;[39m Running 'C:\Users\Arpitha\AppData\Local\Android\Sdk\platform-tools\adb.exe -P 5037 -s emulator-5554 shell 'pgrep ^appium\\.settings$ || pgrep ^io\\.appium\\.setti$''
[debug] &amp#27;[35m[AndroidDriver]&amp#27;[39m io.appium.settings is already running. There is no need to reset its permissions.
[debug] &amp#27;[35m[ADB]&amp#27;[39m Running 'C:\Users\Arpitha\AppData\Local\Android\Sdk\platform-tools\adb.exe -P 5037 -s emulator-5554 shell appops set io.appium.settings android\:mock_location allow'
[debug] &amp#27;[35m[Logcat]&amp#27;[39m Starting logcat capture
[debug] &amp#27;[35m[UiAutomator2]&amp#27;[39m Forwarding UiAutomator2 Server port 6790 to 8200
[debug] &amp#27;[35m[ADB]&amp#27;[39m Forwarding system: 8200 to device: 6790
[debug] &amp#27;[35m[ADB]&amp#27;[39m Running 'C:\Users\Arpitha\AppData\Local\Android\Sdk\platform-tools\adb.exe -P 5037 -s emulator-5554 forward tcp\:8200 tcp\:6790'
[debug] &amp#27;[35m[ADB]&amp#27;[39m Getting install status for io.appium.uiautomator2.server
[debug] &amp#27;[35m[ADB]&amp#27;[39m Running 'C:\Users\Arpitha\AppData\Local\Android\Sdk\platform-tools\adb.exe -P 5037 -s emulator-5554 shell dumpsys package io.appium.uiautomator2.server'
[debug] &amp#27;[35m[ADB]&amp#27;[39m 'io.appium.uiautomator2.server' is installed
[debug] &amp#27;[35m[ADB]&amp#27;[39m Getting package info for 'io.appium.uiautomator2.server'
[debug] &amp#27;[35m[ADB]&amp#27;[39m Running 'C:\Users\Arpitha\AppData\Local\Android\Sdk\platform-tools\adb.exe -P 5037 -s emulator-5554 shell dumpsys package io.appium.uiautomator2.server'
[debug] &amp#27;[35m[ADB]&amp#27;[39m The version name of the installed 'io.appium.uiautomator2.server' is greater or equal to the application version name ('4.5.5' >= '4.5.5')
[debug] &amp#27;[35m[UiAutomator2]&amp#27;[39m io.appium.uiautomator2.server installation state: sameVersionInstalled
[debug] &amp#27;[35m[ADB]&amp#27;[39m Checking app cert for C:\Users\Arpitha\AppData\Roaming\npm\node_modules\appium\node_modules\appium-uiautomator2-server\apks\appium-uiautomator2-server-v4.5.5.apk
&amp#27;[35m[ADB]&amp#27;[39m Found 0 'build-tools' folders under '' (newest first):
&amp#27;[35m[ADB]&amp#27;[39m Cannot use apksigner tool for signature verification. Original error: Could not find 'apksigner.jar' in ["C:\\Users\\IBM_ADMIN\\eclipse-workspace1\\AppiumAssignment\\platform-tools\\apksigner.jar","C:\\Users\\IBM_ADMIN\\eclipse-workspace1\\AppiumAssignment\\emulator\\apksigner.jar","C:\\Users\\IBM_ADMIN\\eclipse-workspace1\\AppiumAssignment\\tools\\apksigner.jar","C:\\Users\\IBM_ADMIN\\eclipse-workspace1\\AppiumAssignment\\tools\\bin\\apksigner.jar"]. Do you have Android Build Tools installed at ''?
[debug] &amp#27;[35m[ADB]&amp#27;[39m Defaulting to verify.jar
[debug] &amp#27;[35m[ADB]&amp#27;[39m 'C:\Users\Arpitha\AppData\Roaming\npm\node_modules\appium\node_modules\appium-uiautomator2-server\apks\appium-uiautomator2-server-v4.5.5.apk' is signed with the default certificate
[debug] &amp#27;[35m[ADB]&amp#27;[39m Getting install status for io.appium.uiautomator2.server.test
[debug] &amp#27;[35m[ADB]&amp#27;[39m Running 'C:\Users\Arpitha\AppData\Local\Android\Sdk\platform-tools\adb.exe -P 5037 -s emulator-5554 shell dumpsys package io.appium.uiautomator2.server.test'
[debug] &amp#27;[35m[ADB]&amp#27;[39m 'io.appium.uiautomator2.server.test' is installed
[debug] &amp#27;[35m[ADB]&amp#27;[39m Checking app cert for C:\Users\Arpitha\AppData\Roaming\npm\node_modules\appium\node_modules\appium-uiautomator2-server\apks\appium-uiautomator2-server-debug-androidTest.apk
&amp#27;[35m[ADB]&amp#27;[39m Cannot use apksigner tool for signature verification. Original error: Could not find 'apksigner.jar' in ["C:\\Users\\IBM_ADMIN\\eclipse-workspace1\\AppiumAssignment\\platform-tools\\apksigner.jar","C:\\Users\\IBM_ADMIN\\eclipse-workspace1\\AppiumAssignment\\emulator\\apksigner.jar","C:\\Users\\IBM_ADMIN\\eclipse-workspace1\\AppiumAssignment\\tools\\apksigner.jar","C:\\Users\\IBM_ADMIN\\eclipse-workspace1\\AppiumAssignment\\tools\\bin\\apksigner.jar"]. Do you have Android Build Tools installed at ''?
[debug] &amp#27;[35m[ADB]&amp#27;[39m Defaulting to verify.jar
[debug] &amp#27;[35m[ADB]&amp#27;[39m 'C:\Users\Arpitha\AppData\Roaming\npm\node_modules\appium\node_modules\appium-uiautomator2-server\apks\appium-uiautomator2-server-debug-androidTest.apk' is signed with the default certificate
&amp#27;[35m[UiAutomator2]&amp#27;[39m Server packages are not going to be (re)installed
[debug] &amp#27;[35m[UiAutomator2]&amp#27;[39m Waiting up to 30000ms for services to be available
[debug] &amp#27;[35m[ADB]&amp#27;[39m Running 'C:\Users\Arpitha\AppData\Local\Android\Sdk\platform-tools\adb.exe -P 5037 -s emulator-5554 shell pm list instrumentation'
[debug] &amp#27;[35m[UiAutomator2]&amp#27;[39m Instrumentation target 'io.appium.uiautomator2.server.test/androidx.test.runner.AndroidJUnitRunner' is available
[debug] &amp#27;[35m[UiAutomator2]&amp#27;[39m No app capability. Assuming it is already on the device
[debug] &amp#27;[35m[UiAutomator2]&amp#27;[39m Performing shallow cleanup of automation leftovers
[debug] &amp#27;[35m[UiAutomator2]&amp#27;[39m The following obsolete sessions are still running: ["5278b02f-a457-4382-8d1e-fc5b31b388b3"]
[debug] &amp#27;[35m[UiAutomator2]&amp#27;[39m Cleaning up the obsolete sessions
[debug] &amp#27;[35m[ADB]&amp#27;[39m Running 'C:\Users\Arpitha\AppData\Local\Android\Sdk\platform-tools\adb.exe -P 5037 -s emulator-5554 shell am force-stop io.appium.uiautomator2.server.test'
&amp#27;[35m[UiAutomator2]&amp#27;[39m Starting UIAutomator2 server 4.5.5
&amp#27;[35m[UiAutomator2]&amp#27;[39m Using UIAutomator2 server from 'C:\Users\Arpitha\AppData\Roaming\npm\node_modules\appium\node_modules\appium-uiautomator2-server\apks\appium-uiautomator2-server-v4.5.5.apk' and test from 'C:\Users\Arpitha\AppData\Roaming\npm\node_modules\appium\node_modules\appium-uiautomator2-server\apks\appium-uiautomator2-server-debug-androidTest.apk'
&amp#27;[35m[UiAutomator2]&amp#27;[39m Waiting up to 30000ms for UiAutomator2 to be online...
[debug] &amp#27;[35m[ADB]&amp#27;[39m Creating ADB subprocess with args: ["-P",5037,"-s","emulator-5554","shell","am","instrument","-w","io.appium.uiautomator2.server.test/androidx.test.runner.AndroidJUnitRunner"]
[debug] &amp#27;[35m[WD Proxy]&amp#27;[39m Matched '/status' to command name 'getStatus'
[debug] &amp#27;[35m[WD Proxy]&amp#27;[39m Proxying [GET /status] to [GET http://127.0.0.1:8200/wd/hub/status] with no body
&amp#27;[35m[WD Proxy]&amp#27;[39m Got response with unknown status: {"code":"ECONNRESET"}
[debug] &amp#27;[35m[Instrumentation]&amp#27;[39m io.appium.uiautomator2.server.test.AppiumUiAutomator2Server:
[debug] &amp#27;[35m[WD Proxy]&amp#27;[39m Matched '/status' to command name 'getStatus'
[debug] &amp#27;[35m[WD Proxy]&amp#27;[39m Proxying [GET /status] to [GET http://127.0.0.1:8200/wd/hub/status] with no body
&amp#27;[35m[WD Proxy]&amp#27;[39m Got response with unknown status: {"code":"ECONNRESET"}
[debug] &amp#27;[35m[WD Proxy]&amp#27;[39m Matched '/status' to command name 'getStatus'
[debug] &amp#27;[35m[WD Proxy]&amp#27;[39m Proxying [GET /status] to [GET http://127.0.0.1:8200/wd/hub/status] with no body
&amp#27;[35m[WD Proxy]&amp#27;[39m Got response with unknown status: {"code":"ECONNRESET"}
[debug] &amp#27;[35m[WD Proxy]&amp#27;[39m Matched '/status' to command name 'getStatus'
[debug] &amp#27;[35m[WD Proxy]&amp#27;[39m Proxying [GET /status] to [GET http://127.0.0.1:8200/wd/hub/status] with no body
[debug] &amp#27;[35m[WD Proxy]&amp#27;[39m Got response with status 200: {"sessionId":"None","value":{"ready":true,"message":"UiAutomator2 Server is ready to accept commands"}}
[debug] &amp#27;[35m[UiAutomator2]&amp#27;[39m The initialization of the instrumentation process took 4221ms
[debug] &amp#27;[35m[WD Proxy]&amp#27;[39m Matched '/session' to command name 'createSession'
[debug] &amp#27;[35m[WD Proxy]&amp#27;[39m Proxying [POST /session] to [POST http://127.0.0.1:8200/wd/hub/session] with body: {"capabilities":{"firstMatch":[{"platform":"LINUX","webStorageEnabled":false,"takesScreenshot":true,"javascriptEnabled":true,"databaseEnabled":false,"networkConnectionEnabled":true,"locationContextEnabled":false,"warnings":{},"desired":{"appActivity":"org.khanacademy.android.ui.library.MainActivity","appPackage":"org.khanacademy.android","chromedriverExecutable":"C:\\Users\\Arpitha\\Downloads\\chromedriver_win32 (2)\\chromedriver.exe","noReset":true,"platformName":"Android","deviceName":"Arpitha Android"},"appActivity":"org.khanacademy.android.ui.library.MainActivity","appPackage":"org.khanacademy.android","chromedriverExecutable":"C:\\Users\\Arpitha\\Downloads\\chromedriver_win32 (2)\\chromedriver.exe","noReset":true,"platformName":"Android","deviceName":"emulator-5554","deviceUDID":"emulator-5554"}],"alwaysMatch":{}}}
[debug] &amp#27;[35m[WD Proxy]&amp#27;[39m Got response with status 200: {"sessionId":"73d9c4e3-f227-4a78-9fcf-595c38d5af5b","value":{"sessionId":"73d9c4e3-f227-4a78-9fcf-595c38d5af5b","capabilities":{"firstMatch":[{"platform":"LINUX","webStorageEnabled":false,"takesScreenshot":true,"javascriptEnabled":true,"databaseEnabled":false,"networkConnectionEnabled":true,"locationContextEnabled":false,"warnings":{},"desired":{"appActivity":"org.khanacademy.android.ui.library.MainActivity","appPackage":"org.khanacademy.android","chromedriverExecutable":"C:\\Users\\Arpitha\\Downloads\\chromedriver_win32 (2)\\chromedriver.exe","noReset":true,"platformName":"Android","deviceName":"Arpitha Android"},"appActivity":"org.khanacademy.android.ui.library.MainActivity","appPackage":"org.khanacademy.android","chromedriverExecutable":"C:\\Users\\Arpitha\\Downloads\\chromedriver_win32 (2)\\chromedriver.exe","noReset":true,"platformName":"Android","deviceName":"emulator-5554","deviceUDID":"emulator-5554"}],"alwaysMatch":{}}}}
&amp#27;[35m[WD Proxy]&amp#27;[39m Determined the downstream protocol as 'W3C'
[debug] &amp#27;[35m[WD Proxy]&amp#27;[39m Proxying [GET /appium/device/info] to [GET http://127.0.0.1:8200/wd/hub/session/73d9c4e3-f227-4a78-9fcf-595c38d5af5b/appium/device/info] with no body
[debug] &amp#27;[35m[WD Proxy]&amp#27;[39m Got response with status 200: {"sessionId":"73d9c4e3-f227-4a78-9fcf-595c38d5af5b","value":{"androidId":"1b6f926fcd6c56b1","manufacturer":"Google","model":"Android SDK built for x86","brand":"google","apiVersion":"26","platformVersion":"8.0.0","carrierName":"Android","realDisplaySize":"1080x2220","displayDensity":440,"networks":[{"type":0,"typeName":"MOBILE","subtype":13,"subtypeName":"LTE","isConnected":true,"detailedState":"CONNECTED","state":"CONNECTED","extraInfo":"epc.tmobile.com","isAvailable":true,"isFailover":false,"isRoaming":false,"capabilities":{"transportTypes":"TRANSPORT_CELLULAR","networkCapabilities":"NET_CAPABILITY_MMS,NET_CAPABILITY_SUPL,NET_CAPABILITY_FOTA,NET_CAPABILITY_IMS,NET_CAPABILITY_CBS,NET_CAPABILITY_IA,NET_CAPABILITY_INTERNET,NET_CAPABILITY_NOT_RESTRICTED,NET_CAPABILITY_TRUSTED,NET_CAPABILITY_NOT_VPN,NET_CAPABILITY_VALIDATED","linkUpstreamBandwidthKbps":51200,"linkDownBandwidthKbps":102400,"signalStrength":-2147483648,"networkSpecifier":"1","SSID":null}},{"type":1,"typeName":"WIFI","subtype":0,"subtypeName":""...
[debug] &amp#27;[35m[ADB]&amp#27;[39m Running 'C:\Users\Arpitha\AppData\Local\Android\Sdk\platform-tools\adb.exe -P 5037 -s emulator-5554 shell dumpsys window'
&amp#27;[35m[AndroidDriver]&amp#27;[39m Screen already unlocked, doing nothing
&amp#27;[35m[UiAutomator2]&amp#27;[39m Starting 'org.khanacademy.android/org.khanacademy.android.ui.library.MainActivity and waiting for 'org.khanacademy.android/org.khanacademy.android.ui.library.MainActivity'
[debug] &amp#27;[35m[ADB]&amp#27;[39m Running 'C:\Users\Arpitha\AppData\Local\Android\Sdk\platform-tools\adb.exe -P 5037 -s emulator-5554 shell am start -W -n org.khanacademy.android/org.khanacademy.android.ui.library.MainActivity -S -a android.intent.action.MAIN -c android.intent.category.LAUNCHER -f 0x10200000'
[debug] &amp#27;[35m[WD Proxy]&amp#27;[39m Proxying [GET /appium/device/pixel_ratio] to [GET http://127.0.0.1:8200/wd/hub/session/73d9c4e3-f227-4a78-9fcf-595c38d5af5b/appium/device/pixel_ratio] with body: {}
[debug] &amp#27;[35m[WD Proxy]&amp#27;[39m Got response with status 200: {"sessionId":"73d9c4e3-f227-4a78-9fcf-595c38d5af5b","value":2.75}
[debug] &amp#27;[35m[WD Proxy]&amp#27;[39m Matched '/appium/device/system_bars' to command name 'getSystemBars'
[debug] &amp#27;[35m[WD Proxy]&amp#27;[39m Proxying [GET /appium/device/system_bars] to [GET http://127.0.0.1:8200/wd/hub/session/73d9c4e3-f227-4a78-9fcf-595c38d5af5b/appium/device/system_bars] with body: {}
[debug] &amp#27;[35m[WD Proxy]&amp#27;[39m Got response with status 200: {"sessionId":"73d9c4e3-f227-4a78-9fcf-595c38d5af5b","value":{"statusBar":66}}
[debug] &amp#27;[35m[WD Proxy]&amp#27;[39m Matched '/window/current/size' to command name 'getWindowSize'
[debug] &amp#27;[35m[WD Proxy]&amp#27;[39m Proxying [GET /window/current/size] to [GET http://127.0.0.1:8200/wd/hub/session/73d9c4e3-f227-4a78-9fcf-595c38d5af5b/window/current/size] with body: {}
[debug] &amp#27;[35m[WD Proxy]&amp#27;[39m Got response with status 200: {"sessionId":"73d9c4e3-f227-4a78-9fcf-595c38d5af5b","value":{"height":2088,"width":1080}}
&amp#27;[35m[Appium]&amp#27;[39m New AndroidUiautomator2Driver session created successfully, session 869e7807-8bcb-4a6d-92bb-a3c748acb768 added to master session list
[debug] &amp#27;[35m[BaseDriver]&amp#27;[39m Event 'newSessionStarted' logged at 1622486709522 (00:15:09 GMT+0530 (India Standard Time))
[debug] &amp#27;[35m[MJSONWP (869e7807)]&amp#27;[39m Cached the protocol value 'MJSONWP' for the new session 869e7807-8bcb-4a6d-92bb-a3c748acb768
[debug] &amp#27;[35m[MJSONWP (869e7807)]&amp#27;[39m Responding to client with driver.createSession() result: {"platform":"LINUX","webStorageEnabled":false,"takesScreenshot":true,"javascriptEnabled":true,"databaseEnabled":false,"networkConnectionEnabled":true,"locationContextEnabled":false,"warnings":{},"desired":{"appActivity":"org.khanacademy.android.ui.library.MainActivity","appPackage":"org.khanacademy.android","chromedriverExecutable":"C:\\Users\\Arpitha\\Downloads\\chromedriver_win32 (2)\\chromedriver.exe","noReset":true,"platformName":"Android","deviceName":"Arpitha Android"},"appActivity":"org.khanacademy.android.ui.library.MainActivity","appPackage":"org.khanacademy.android","chromedriverExecutable":"C:\\Users\\Arpitha\\Downloads\\chromedriver_win32 (2)\\chromedriver.exe","noReset":true,"platformName":"Android","deviceName":"emulator-5554","deviceUDID":"emulator-5554","deviceApiLevel":26,"platformVersion":"8.0.0","deviceScreenSize":"1080x2220","deviceScreenDensity":440,"deviceModel":"Android SDK built for x86","deviceManufacturer":"Google","pixelRatio":2.75,"statBarHeight":66,"viewportRect":{"left":0,"top...
&amp#27;[35m[HTTP]&amp#27;[39m &amp#27;[37m<-- POST /wd/hub/session &amp#27;[39m&amp#27;[32m200&amp#27;[39m &amp#27;[90m13058 ms - 1126&amp#27;[39m
&amp#27;[35m[HTTP]&amp#27;[39m &amp#27;[90m&amp#27;[39m
&amp#27;[35m[HTTP]&amp#27;[39m &amp#27;[37m-->&amp#27;[39m &amp#27;[37mPOST&amp#27;[39m &amp#27;[37m/wd/hub/session/869e7807-8bcb-4a6d-92bb-a3c748acb768/timeouts&amp#27;[39m
&amp#27;[35m[HTTP]&amp#27;[39m &amp#27;[90m{"type":"implicit","ms":30000}&amp#27;[39m
[debug] &amp#27;[35m[MJSONWP (869e7807)]&amp#27;[39m Calling AppiumDriver.timeouts() with args: ["implicit",30000,null,null,null,"869e7807-8bcb-4a6d-92bb-a3c748acb768"]
[debug] &amp#27;[35m[BaseDriver]&amp#27;[39m MJSONWP timeout arguments: {"type":"implicit","ms":30000}}
[debug] &amp#27;[35m[BaseDriver]&amp#27;[39m Set implicit wait to 30000ms
[debug] &amp#27;[35m[MJSONWP (869e7807)]&amp#27;[39m Responding to client with driver.timeouts() result: null
&amp#27;[35m[HTTP]&amp#27;[39m &amp#27;[37m<-- POST /wd/hub/session/869e7807-8bcb-4a6d-92bb-a3c748acb768/timeouts &amp#27;[39m&amp#27;[32m200&amp#27;[39m &amp#27;[90m10 ms - 76&amp#27;[39m
&amp#27;[35m[HTTP]&amp#27;[39m &amp#27;[90m&amp#27;[39m
&amp#27;[35m[HTTP]&amp#27;[39m &amp#27;[37m-->&amp#27;[39m &amp#27;[37mPOST&amp#27;[39m &amp#27;[37m/wd/hub/session/869e7807-8bcb-4a6d-92bb-a3c748acb768/element&amp#27;[39m
&amp#27;[35m[HTTP]&amp#27;[39m &amp#27;[90m{"using":"xpath","value":"//android.widget.ImageView[@content-desc=\"Settings\"]"}&amp#27;[39m
[debug] &amp#27;[35m[MJSONWP (869e7807)]&amp#27;[39m Calling AppiumDriver.findElement() with args: ["xpath","//android.widget.ImageView[@content-desc=\"Settings\"]","869e7807-8bcb-4a6d-92bb-a3c748acb768"]
[debug] &amp#27;[35m[BaseDriver]&amp#27;[39m Valid locator strategies for this request: xpath, id, class name, accessibility id, -android uiautomator
[debug] &amp#27;[35m[BaseDriver]&amp#27;[39m Waiting up to 30000 ms for condition
[debug] &amp#27;[35m[WD Proxy]&amp#27;[39m Matched '/element' to command name 'findElement'
[debug] &amp#27;[35m[WD Proxy]&amp#27;[39m Proxying [POST /element] to [POST http://127.0.0.1:8200/wd/hub/session/73d9c4e3-f227-4a78-9fcf-595c38d5af5b/element] with body: {"strategy":"xpath","selector":"//android.widget.ImageView[@content-desc=\"Settings\"]","context":"","multiple":false}
[debug] &amp#27;[35m[WD Proxy]&amp#27;[39m Got response with status 200: {"sessionId":"73d9c4e3-f227-4a78-9fcf-595c38d5af5b","value":{"ELEMENT":"338f2ee8-54c3-40f5-b24f-6bab6b0ba8d5","element-6066-11e4-a52e-4f735466cecf":"338f2ee8-54c3-40f5-b24f-6bab6b0ba8d5"}}
[debug] &amp#27;[35m[MJSONWP (869e7807)]&amp#27;[39m Responding to client with driver.findElement() result: {"element-6066-11e4-a52e-4f735466cecf":"338f2ee8-54c3-40f5-b24f-6bab6b0ba8d5","ELEMENT":"338f2ee8-54c3-40f5-b24f-6bab6b0ba8d5"}
&amp#27;[35m[HTTP]&amp#27;[39m &amp#27;[37m<-- POST /wd/hub/session/869e7807-8bcb-4a6d-92bb-a3c748acb768/element &amp#27;[39m&amp#27;[32m200&amp#27;[39m &amp#27;[90m471 ms - 199&amp#27;[39m
&amp#27;[35m[HTTP]&amp#27;[39m &amp#27;[90m&amp#27;[39m
&amp#27;[35m[HTTP]&amp#27;[39m &amp#27;[37m-->&amp#27;[39m &amp#27;[37mPOST&amp#27;[39m &amp#27;[37m/wd/hub/session/869e7807-8bcb-4a6d-92bb-a3c748acb768/element/338f2ee8-54c3-40f5-b24f-6bab6b0ba8d5/click&amp#27;[39m
&amp#27;[35m[HTTP]&amp#27;[39m &amp#27;[90m{"id":"338f2ee8-54c3-40f5-b24f-6bab6b0ba8d5"}&amp#27;[39m
[debug] &amp#27;[35m[MJSONWP (869e7807)]&amp#27;[39m Calling AppiumDriver.click() with args: ["338f2ee8-54c3-40f5-b24f-6bab6b0ba8d5","869e7807-8bcb-4a6d-92bb-a3c748acb768"]
[debug] &amp#27;[35m[WD Proxy]&amp#27;[39m Matched '/element/338f2ee8-54c3-40f5-b24f-6bab6b0ba8d5/click' to command name 'click'
[debug] &amp#27;[35m[WD Proxy]&amp#27;[39m Proxying [POST /element/338f2ee8-54c3-40f5-b24f-6bab6b0ba8d5/click] to [POST http://127.0.0.1:8200/wd/hub/session/73d9c4e3-f227-4a78-9fcf-595c38d5af5b/element/338f2ee8-54c3-40f5-b24f-6bab6b0ba8d5/click] with body: {"element":"338f2ee8-54c3-40f5-b24f-6bab6b0ba8d5"}
[debug] &amp#27;[35m[WD Proxy]&amp#27;[39m Got response with status 200: {"sessionId":"73d9c4e3-f227-4a78-9fcf-595c38d5af5b","value":null}
[debug] &amp#27;[35m[MJSONWP (869e7807)]&amp#27;[39m Responding to client with driver.click() result: null
&amp#27;[35m[HTTP]&amp#27;[39m &amp#27;[37m<-- POST /wd/hub/session/869e7807-8bcb-4a6d-92bb-a3c748acb768/element/338f2ee8-54c3-40f5-b24f-6bab6b0ba8d5/click &amp#27;[39m&amp#27;[32m200&amp#27;[39m &amp#27;[90m96 ms - 76&amp#27;[39m
&amp#27;[35m[HTTP]&amp#27;[39m &amp#27;[90m&amp#27;[39m
&amp#27;[35m[HTTP]&amp#27;[39m &amp#27;[37m-->&amp#27;[39m &amp#27;[37mPOST&amp#27;[39m &amp#27;[37m/wd/hub/session/869e7807-8bcb-4a6d-92bb-a3c748acb768/element&amp#27;[39m
&amp#27;[35m[HTTP]&amp#27;[39m &amp#27;[90m{"using":"xpath","value":"//*[@text='Sign in']"}&amp#27;[39m
[debug] &amp#27;[35m[MJSONWP (869e7807)]&amp#27;[39m Calling AppiumDriver.findElement() with args: ["xpath","//*[@text='Sign in']","869e7807-8bcb-4a6d-92bb-a3c748acb768"]
[debug] &amp#27;[35m[BaseDriver]&amp#27;[39m Valid locator strategies for this request: xpath, id, class name, accessibility id, -android uiautomator
[debug] &amp#27;[35m[BaseDriver]&amp#27;[39m Waiting up to 30000 ms for condition
[debug] &amp#27;[35m[WD Proxy]&amp#27;[39m Matched '/element' to command name 'findElement'
[debug] &amp#27;[35m[WD Proxy]&amp#27;[39m Proxying [POST /element] to [POST http://127.0.0.1:8200/wd/hub/session/73d9c4e3-f227-4a78-9fcf-595c38d5af5b/element] with body: {"strategy":"xpath","selector":"//*[@text='Sign in']","context":"","multiple":false}
&amp#27;[35m[WD Proxy]&amp#27;[39m Got response with status 404: {"sessionId":"73d9c4e3-f227-4a78-9fcf-595c38d5af5b","value":{"error":"no such element","message":"An element could not be located on the page using the given search parameters","stacktrace":"io.appium.uiautomator2.common.exceptions.ElementNotFoundException: An element could not be located on the page using the given search parameters\n\tat io.appium.uiautomator2.handler.FindElement.findElement(FindElement.java:102)\n\tat io.appium.uiautomator2.handler.FindElement.safeHandle(FindElement.java:72)\n\tat io.appium.uiautomator2.handler.request.SafeRequestHandler.handle(SafeRequestHandler.java:38)\n\tat io.appium.uiautomator2.server.AppiumServlet.handleRequest(AppiumServlet.java:252)\n\tat io.appium.uiautomator2.server.AppiumServlet.handleHttpRequest(AppiumServlet.java:242)\n\tat io.appium.uiautomator2.http.ServerHandler.channelRead(ServerHandler.java:51)\n\tat io.netty.channel.AbstractChannelHandlerContext.invokeChannelRead(AbstractChannelHandlerContext.java:366)\n\tat io.netty.channel.AbstractChannelHandlerCon...
[debug] &amp#27;[35m[W3C]&amp#27;[39m Matched W3C error code 'no such element' to NoSuchElementError
[debug] &amp#27;[35m[BaseDriver]&amp#27;[39m Waited for 246 ms so far
[debug] &amp#27;[35m[WD Proxy]&amp#27;[39m Matched '/element' to command name 'findElement'
[debug] &amp#27;[35m[WD Proxy]&amp#27;[39m Proxying [POST /element] to [POST http://127.0.0.1:8200/wd/hub/session/73d9c4e3-f227-4a78-9fcf-595c38d5af5b/element] with body: {"strategy":"xpath","selector":"//*[@text='Sign in']","context":"","multiple":false}
[debug] &amp#27;[35m[WD Proxy]&amp#27;[39m Got response with status 200: {"sessionId":"73d9c4e3-f227-4a78-9fcf-595c38d5af5b","value":{"ELEMENT":"0f2dc034-5d56-4ee1-a4f2-927feb350275","element-6066-11e4-a52e-4f735466cecf":"0f2dc034-5d56-4ee1-a4f2-927feb350275"}}
[debug] &amp#27;[35m[MJSONWP (869e7807)]&amp#27;[39m Responding to client with driver.findElement() result: {"element-6066-11e4-a52e-4f735466cecf":"0f2dc034-5d56-4ee1-a4f2-927feb350275","ELEMENT":"0f2dc034-5d56-4ee1-a4f2-927feb350275"}
&amp#27;[35m[HTTP]&amp#27;[39m &amp#27;[37m<-- POST /wd/hub/session/869e7807-8bcb-4a6d-92bb-a3c748acb768/element &amp#27;[39m&amp#27;[32m200&amp#27;[39m &amp#27;[90m1606 ms - 199&amp#27;[39m
&amp#27;[35m[HTTP]&amp#27;[39m &amp#27;[90m&amp#27;[39m
&amp#27;[35m[HTTP]&amp#27;[39m &amp#27;[37m-->&amp#27;[39m &amp#27;[37mPOST&amp#27;[39m &amp#27;[37m/wd/hub/session/869e7807-8bcb-4a6d-92bb-a3c748acb768/element/0f2dc034-5d56-4ee1-a4f2-927feb350275/click&amp#27;[39m
&amp#27;[35m[HTTP]&amp#27;[39m &amp#27;[90m{"id":"0f2dc034-5d56-4ee1-a4f2-927feb350275"}&amp#27;[39m
[debug] &amp#27;[35m[MJSONWP (869e7807)]&amp#27;[39m Calling AppiumDriver.click() with args: ["0f2dc034-5d56-4ee1-a4f2-927feb350275","869e7807-8bcb-4a6d-92bb-a3c748acb768"]
[debug] &amp#27;[35m[WD Proxy]&amp#27;[39m Matched '/element/0f2dc034-5d56-4ee1-a4f2-927feb350275/click' to command name 'click'
[debug] &amp#27;[35m[WD Proxy]&amp#27;[39m Proxying [POST /element/0f2dc034-5d56-4ee1-a4f2-927feb350275/click] to [POST http://127.0.0.1:8200/wd/hub/session/73d9c4e3-f227-4a78-9fcf-595c38d5af5b/element/0f2dc034-5d56-4ee1-a4f2-927feb350275/click] with body: {"element":"0f2dc034-5d56-4ee1-a4f2-927feb350275"}
[debug] &amp#27;[35m[WD Proxy]&amp#27;[39m Got response with status 200: {"sessionId":"73d9c4e3-f227-4a78-9fcf-595c38d5af5b","value":null}
[debug] &amp#27;[35m[MJSONWP (869e7807)]&amp#27;[39m Responding to client with driver.click() result: null
&amp#27;[35m[HTTP]&amp#27;[39m &amp#27;[37m<-- POST /wd/hub/session/869e7807-8bcb-4a6d-92bb-a3c748acb768/element/0f2dc034-5d56-4ee1-a4f2-927feb350275/click &amp#27;[39m&amp#27;[32m200&amp#27;[39m &amp#27;[90m80 ms - 76&amp#27;[39m
&amp#27;[35m[HTTP]&amp#27;[39m &amp#27;[90m&amp#27;[39m
&amp#27;[35m[HTTP]&amp#27;[39m &amp#27;[37m-->&amp#27;[39m &amp#27;[37mPOST&amp#27;[39m &amp#27;[37m/wd/hub/session/869e7807-8bcb-4a6d-92bb-a3c748acb768/element&amp#27;[39m
&amp#27;[35m[HTTP]&amp#27;[39m &amp#27;[90m{"using":"xpath","value":"//android.widget.Button[@content-desc=\"Continue with Google\"]/android.view.ViewGroup"}&amp#27;[39m
[debug] &amp#27;[35m[MJSONWP (869e7807)]&amp#27;[39m Calling AppiumDriver.findElement() with args: ["xpath","//android.widget.Button[@content-desc=\"Continue with Google\"]/android.view.ViewGroup","869e7807-8bcb-4a6d-92bb-a3c748acb768"]
[debug] &amp#27;[35m[BaseDriver]&amp#27;[39m Valid locator strategies for this request: xpath, id, class name, accessibility id, -android uiautomator
[debug] &amp#27;[35m[BaseDriver]&amp#27;[39m Waiting up to 30000 ms for condition
[debug] &amp#27;[35m[WD Proxy]&amp#27;[39m Matched '/element' to command name 'findElement'
[debug] &amp#27;[35m[WD Proxy]&amp#27;[39m Proxying [POST /element] to [POST http://127.0.0.1:8200/wd/hub/session/73d9c4e3-f227-4a78-9fcf-595c38d5af5b/element] with body: {"strategy":"xpath","selector":"//android.widget.Button[@content-desc=\"Continue with Google\"]/android.view.ViewGroup","context":"","multiple":false}
&amp#27;[35m[WD Proxy]&amp#27;[39m Got response with status 404: {"sessionId":"73d9c4e3-f227-4a78-9fcf-595c38d5af5b","value":{"error":"no such element","message":"An element could not be located on the page using the given search parameters","stacktrace":"io.appium.uiautomator2.common.exceptions.ElementNotFoundException: An element could not be located on the page using the given search parameters\n\tat io.appium.uiautomator2.handler.FindElement.findElement(FindElement.java:102)\n\tat io.appium.uiautomator2.handler.FindElement.safeHandle(FindElement.java:72)\n\tat io.appium.uiautomator2.handler.request.SafeRequestHandler.handle(SafeRequestHandler.java:38)\n\tat io.appium.uiautomator2.server.AppiumServlet.handleRequest(AppiumServlet.java:252)\n\tat io.appium.uiautomator2.server.AppiumServlet.handleHttpRequest(AppiumServlet.java:242)\n\tat io.appium.uiautomator2.http.ServerHandler.channelRead(ServerHandler.java:51)\n\tat io.netty.channel.AbstractChannelHandlerContext.invokeChannelRead(AbstractChannelHandlerContext.java:366)\n\tat io.netty.channel.AbstractChannelHandlerCon...
[debug] &amp#27;[35m[W3C]&amp#27;[39m Matched W3C error code 'no such element' to NoSuchElementError
[debug] &amp#27;[35m[BaseDriver]&amp#27;[39m Waited for 299 ms so far
[debug] &amp#27;[35m[WD Proxy]&amp#27;[39m Matched '/element' to command name 'findElement'
[debug] &amp#27;[35m[WD Proxy]&amp#27;[39m Proxying [POST /element] to [POST http://127.0.0.1:8200/wd/hub/session/73d9c4e3-f227-4a78-9fcf-595c38d5af5b/element] with body: {"strategy":"xpath","selector":"//android.widget.Button[@content-desc=\"Continue with Google\"]/android.view.ViewGroup","context":"","multiple":false}
[debug] &amp#27;[35m[WD Proxy]&amp#27;[39m Got response with status 200: {"sessionId":"73d9c4e3-f227-4a78-9fcf-595c38d5af5b","value":{"ELEMENT":"ecc13d5d-a8f5-471c-b8f1-55cbbf3e7749","element-6066-11e4-a52e-4f735466cecf":"ecc13d5d-a8f5-471c-b8f1-55cbbf3e7749"}}
[debug] &amp#27;[35m[MJSONWP (869e7807)]&amp#27;[39m Responding to client with driver.findElement() result: {"element-6066-11e4-a52e-4f735466cecf":"ecc13d5d-a8f5-471c-b8f1-55cbbf3e7749","ELEMENT":"ecc13d5d-a8f5-471c-b8f1-55cbbf3e7749"}
&amp#27;[35m[HTTP]&amp#27;[39m &amp#27;[37m<-- POST /wd/hub/session/869e7807-8bcb-4a6d-92bb-a3c748acb768/element &amp#27;[39m&amp#27;[32m200&amp#27;[39m &amp#27;[90m1154 ms - 199&amp#27;[39m
&amp#27;[35m[HTTP]&amp#27;[39m &amp#27;[90m&amp#27;[39m
&amp#27;[35m[HTTP]&amp#27;[39m &amp#27;[37m-->&amp#27;[39m &amp#27;[37mPOST&amp#27;[39m &amp#27;[37m/wd/hub/session/869e7807-8bcb-4a6d-92bb-a3c748acb768/element/ecc13d5d-a8f5-471c-b8f1-55cbbf3e7749/click&amp#27;[39m
&amp#27;[35m[HTTP]&amp#27;[39m &amp#27;[90m{"id":"ecc13d5d-a8f5-471c-b8f1-55cbbf3e7749"}&amp#27;[39m
[debug] &amp#27;[35m[MJSONWP (869e7807)]&amp#27;[39m Calling AppiumDriver.click() with args: ["ecc13d5d-a8f5-471c-b8f1-55cbbf3e7749","869e7807-8bcb-4a6d-92bb-a3c748acb768"]
[debug] &amp#27;[35m[WD Proxy]&amp#27;[39m Matched '/element/ecc13d5d-a8f5-471c-b8f1-55cbbf3e7749/click' to command name 'click'
[debug] &amp#27;[35m[WD Proxy]&amp#27;[39m Proxying [POST /element/ecc13d5d-a8f5-471c-b8f1-55cbbf3e7749/click] to [POST http://127.0.0.1:8200/wd/hub/session/73d9c4e3-f227-4a78-9fcf-595c38d5af5b/element/ecc13d5d-a8f5-471c-b8f1-55cbbf3e7749/click] with body: {"element":"ecc13d5d-a8f5-471c-b8f1-55cbbf3e7749"}
[debug] &amp#27;[35m[WD Proxy]&amp#27;[39m Got response with status 200: {"sessionId":"73d9c4e3-f227-4a78-9fcf-595c38d5af5b","value":null}
[debug] &amp#27;[35m[MJSONWP (869e7807)]&amp#27;[39m Responding to client with driver.click() result: null
&amp#27;[35m[HTTP]&amp#27;[39m &amp#27;[37m<-- POST /wd/hub/session/869e7807-8bcb-4a6d-92bb-a3c748acb768/element/ecc13d5d-a8f5-471c-b8f1-55cbbf3e7749/click &amp#27;[39m&amp#27;[32m200&amp#27;[39m &amp#27;[90m51 ms - 76&amp#27;[39m
&amp#27;[35m[HTTP]&amp#27;[39m &amp#27;[90m&amp#27;[39m
&amp#27;[35m[HTTP]&amp#27;[39m &amp#27;[37m-->&amp#27;[39m &amp#27;[37mPOST&amp#27;[39m &amp#27;[37m/wd/hub/session/869e7807-8bcb-4a6d-92bb-a3c748acb768/timeouts&amp#27;[39m
&amp#27;[35m[HTTP]&amp#27;[39m &amp#27;[90m{"type":"implicit","ms":30000}&amp#27;[39m
[debug] &amp#27;[35m[MJSONWP (869e7807)]&amp#27;[39m Calling AppiumDriver.timeouts() with args: ["implicit",30000,null,null,null,"869e7807-8bcb-4a6d-92bb-a3c748acb768"]
[debug] &amp#27;[35m[BaseDriver]&amp#27;[39m MJSONWP timeout arguments: {"type":"implicit","ms":30000}}
[debug] &amp#27;[35m[BaseDriver]&amp#27;[39m Set implicit wait to 30000ms
[debug] &amp#27;[35m[MJSONWP (869e7807)]&amp#27;[39m Responding to client with driver.timeouts() result: null
&amp#27;[35m[HTTP]&amp#27;[39m &amp#27;[37m<-- POST /wd/hub/session/869e7807-8bcb-4a6d-92bb-a3c748acb768/timeouts &amp#27;[39m&amp#27;[32m200&amp#27;[39m &amp#27;[90m5 ms - 76&amp#27;[39m
&amp#27;[35m[HTTP]&amp#27;[39m &amp#27;[90m&amp#27;[39m
&amp#27;[35m[HTTP]&amp#27;[39m &amp#27;[37m-->&amp#27;[39m &amp#27;[37mPOST&amp#27;[39m &amp#27;[37m/wd/hub/session/869e7807-8bcb-4a6d-92bb-a3c748acb768/element&amp#27;[39m
&amp#27;[35m[HTTP]&amp#27;[39m &amp#27;[90m{"using":"id","value":"com.google.android.gms:id/account_display_name"}&amp#27;[39m
[debug] &amp#27;[35m[MJSONWP (869e7807)]&amp#27;[39m Calling AppiumDriver.findElement() with args: ["id","com.google.android.gms:id/account_display_name","869e7807-8bcb-4a6d-92bb-a3c748acb768"]
[debug] &amp#27;[35m[BaseDriver]&amp#27;[39m Valid locator strategies for this request: xpath, id, class name, accessibility id, -android uiautomator
[debug] &amp#27;[35m[BaseDriver]&amp#27;[39m Waiting up to 30000 ms for condition
[debug] &amp#27;[35m[WD Proxy]&amp#27;[39m Matched '/element' to command name 'findElement'
[debug] &amp#27;[35m[WD Proxy]&amp#27;[39m Proxying [POST /element] to [POST http://127.0.0.1:8200/wd/hub/session/73d9c4e3-f227-4a78-9fcf-595c38d5af5b/element] with body: {"strategy":"id","selector":"com.google.android.gms:id/account_display_name","context":"","multiple":false}
&amp#27;[35m[WD Proxy]&amp#27;[39m Got response with status 404: {"sessionId":"73d9c4e3-f227-4a78-9fcf-595c38d5af5b","value":{"error":"no such element","message":"An element could not be located on the page using the given search parameters","stacktrace":"io.appium.uiautomator2.common.exceptions.ElementNotFoundException: An element could not be located on the page using the given search parameters\n\tat io.appium.uiautomator2.handler.FindElement.safeHandle(FindElement.java:78)\n\tat io.appium.uiautomator2.handler.request.SafeRequestHandler.handle(SafeRequestHandler.java:38)\n\tat io.appium.uiautomator2.server.AppiumServlet.handleRequest(AppiumServlet.java:252)\n\tat io.appium.uiautomator2.server.AppiumServlet.handleHttpRequest(AppiumServlet.java:242)\n\tat io.appium.uiautomator2.http.ServerHandler.channelRead(ServerHandler.java:51)\n\tat io.netty.channel.AbstractChannelHandlerContext.invokeChannelRead(AbstractChannelHandlerContext.java:366)\n\tat io.netty.channel.AbstractChannelHandlerContext.invokeChannelRead(AbstractChannelHandlerContext.java:352)\n\tat io.netty.chann...
[debug] &amp#27;[35m[W3C]&amp#27;[39m Matched W3C error code 'no such element' to NoSuchElementError
[debug] &amp#27;[35m[BaseDriver]&amp#27;[39m Waited for 96 ms so far
[debug] &amp#27;[35m[WD Proxy]&amp#27;[39m Matched '/element' to command name 'findElement'
[debug] &amp#27;[35m[WD Proxy]&amp#27;[39m Proxying [POST /element] to [POST http://127.0.0.1:8200/wd/hub/session/73d9c4e3-f227-4a78-9fcf-595c38d5af5b/element] with body: {"strategy":"id","selector":"com.google.android.gms:id/account_display_name","context":"","multiple":false}
&amp#27;[35m[WD Proxy]&amp#27;[39m Got response with status 404: {"sessionId":"73d9c4e3-f227-4a78-9fcf-595c38d5af5b","value":{"error":"no such element","message":"An element could not be located on the page using the given search parameters","stacktrace":"io.appium.uiautomator2.common.exceptions.ElementNotFoundException: An element could not be located on the page using the given search parameters\n\tat io.appium.uiautomator2.handler.FindElement.safeHandle(FindElement.java:78)\n\tat io.appium.uiautomator2.handler.request.SafeRequestHandler.handle(SafeRequestHandler.java:38)\n\tat io.appium.uiautomator2.server.AppiumServlet.handleRequest(AppiumServlet.java:252)\n\tat io.appium.uiautomator2.server.AppiumServlet.handleHttpRequest(AppiumServlet.java:242)\n\tat io.appium.uiautomator2.http.ServerHandler.channelRead(ServerHandler.java:51)\n\tat io.netty.channel.AbstractChannelHandlerContext.invokeChannelRead(AbstractChannelHandlerContext.java:366)\n\tat io.netty.channel.AbstractChannelHandlerContext.invokeChannelRead(AbstractChannelHandlerContext.java:352)\n\tat io.netty.chann...
[debug] &amp#27;[35m[W3C]&amp#27;[39m Matched W3C error code 'no such element' to NoSuchElementError
[debug] &amp#27;[35m[BaseDriver]&amp#27;[39m Waited for 2079 ms so far
[debug] &amp#27;[35m[WD Proxy]&amp#27;[39m Matched '/element' to command name 'findElement'
[debug] &amp#27;[35m[WD Proxy]&amp#27;[39m Proxying [POST /element] to [POST http://127.0.0.1:8200/wd/hub/session/73d9c4e3-f227-4a78-9fcf-595c38d5af5b/element] with body: {"strategy":"id","selector":"com.google.android.gms:id/account_display_name","context":"","multiple":false}
[debug] &amp#27;[35m[WD Proxy]&amp#27;[39m Got response with status 200: {"sessionId":"73d9c4e3-f227-4a78-9fcf-595c38d5af5b","value":{"ELEMENT":"026f3a71-04dd-4ea0-a3a8-658cc837bdf8","element-6066-11e4-a52e-4f735466cecf":"026f3a71-04dd-4ea0-a3a8-658cc837bdf8"}}
[debug] &amp#27;[35m[MJSONWP (869e7807)]&amp#27;[39m Responding to client with driver.findElement() result: {"element-6066-11e4-a52e-4f735466cecf":"026f3a71-04dd-4ea0-a3a8-658cc837bdf8","ELEMENT":"026f3a71-04dd-4ea0-a3a8-658cc837bdf8"}
&amp#27;[35m[HTTP]&amp#27;[39m &amp#27;[37m<-- POST /wd/hub/session/869e7807-8bcb-4a6d-92bb-a3c748acb768/element &amp#27;[39m&amp#27;[32m200&amp#27;[39m &amp#27;[90m3534 ms - 199&amp#27;[39m
&amp#27;[35m[HTTP]&amp#27;[39m &amp#27;[90m&amp#27;[39m
&amp#27;[35m[HTTP]&amp#27;[39m &amp#27;[37m-->&amp#27;[39m &amp#27;[37mPOST&amp#27;[39m &amp#27;[37m/wd/hub/session/869e7807-8bcb-4a6d-92bb-a3c748acb768/element/026f3a71-04dd-4ea0-a3a8-658cc837bdf8/click&amp#27;[39m
&amp#27;[35m[HTTP]&amp#27;[39m &amp#27;[90m{"id":"026f3a71-04dd-4ea0-a3a8-658cc837bdf8"}&amp#27;[39m
[debug] &amp#27;[35m[MJSONWP (869e7807)]&amp#27;[39m Calling AppiumDriver.click() with args: ["026f3a71-04dd-4ea0-a3a8-658cc837bdf8","869e7807-8bcb-4a6d-92bb-a3c748acb768"]
[debug] &amp#27;[35m[WD Proxy]&amp#27;[39m Matched '/element/026f3a71-04dd-4ea0-a3a8-658cc837bdf8/click' to command name 'click'
[debug] &amp#27;[35m[WD Proxy]&amp#27;[39m Proxying [POST /element/026f3a71-04dd-4ea0-a3a8-658cc837bdf8/click] to [POST http://127.0.0.1:8200/wd/hub/session/73d9c4e3-f227-4a78-9fcf-595c38d5af5b/element/026f3a71-04dd-4ea0-a3a8-658cc837bdf8/click] with body: {"element":"026f3a71-04dd-4ea0-a3a8-658cc837bdf8"}
[debug] &amp#27;[35m[WD Proxy]&amp#27;[39m Got response with status 200: {"sessionId":"73d9c4e3-f227-4a78-9fcf-595c38d5af5b","value":null}
[debug] &amp#27;[35m[MJSONWP (869e7807)]&amp#27;[39m Responding to client with driver.click() result: null
&amp#27;[35m[HTTP]&amp#27;[39m &amp#27;[37m<-- POST /wd/hub/session/869e7807-8bcb-4a6d-92bb-a3c748acb768/element/026f3a71-04dd-4ea0-a3a8-658cc837bdf8/click &amp#27;[39m&amp#27;[32m200&amp#27;[39m &amp#27;[90m50 ms - 76&amp#27;[39m
&amp#27;[35m[HTTP]&amp#27;[39m &amp#27;[90m&amp#27;[39m
&amp#27;[35m[HTTP]&amp#27;[39m &amp#27;[37m-->&amp#27;[39m &amp#27;[37mPOST&amp#27;[39m &amp#27;[37m/wd/hub/session/869e7807-8bcb-4a6d-92bb-a3c748acb768/timeouts&amp#27;[39m
&amp#27;[35m[HTTP]&amp#27;[39m &amp#27;[90m{"type":"implicit","ms":50000}&amp#27;[39m
[debug] &amp#27;[35m[MJSONWP (869e7807)]&amp#27;[39m Calling AppiumDriver.timeouts() with args: ["implicit",50000,null,null,null,"869e7807-8bcb-4a6d-92bb-a3c748acb768"]
[debug] &amp#27;[35m[BaseDriver]&amp#27;[39m MJSONWP timeout arguments: {"type":"implicit","ms":50000}}
[debug] &amp#27;[35m[BaseDriver]&amp#27;[39m Set implicit wait to 50000ms
[debug] &amp#27;[35m[MJSONWP (869e7807)]&amp#27;[39m Responding to client with driver.timeouts() result: null
&amp#27;[35m[HTTP]&amp#27;[39m &amp#27;[37m<-- POST /wd/hub/session/869e7807-8bcb-4a6d-92bb-a3c748acb768/timeouts &amp#27;[39m&amp#27;[32m200&amp#27;[39m &amp#27;[90m6 ms - 76&amp#27;[39m
&amp#27;[35m[HTTP]&amp#27;[39m &amp#27;[90m&amp#27;[39m
Logged in Successfully
&amp#27;[35m[HTTP]&amp#27;[39m &amp#27;[37m-->&amp#27;[39m &amp#27;[37mPOST&amp#27;[39m &amp#27;[37m/wd/hub/session/869e7807-8bcb-4a6d-92bb-a3c748acb768/element&amp#27;[39m
&amp#27;[35m[HTTP]&amp#27;[39m &amp#27;[90m{"using":"xpath","value":"//*[@text='Search']"}&amp#27;[39m
[debug] &amp#27;[35m[MJSONWP (869e7807)]&amp#27;[39m Calling AppiumDriver.findElement() with args: ["xpath","//*[@text='Search']","869e7807-8bcb-4a6d-92bb-a3c748acb768"]
[debug] &amp#27;[35m[BaseDriver]&amp#27;[39m Valid locator strategies for this request: xpath, id, class name, accessibility id, -android uiautomator
[debug] &amp#27;[35m[BaseDriver]&amp#27;[39m Waiting up to 50000 ms for condition
[debug] &amp#27;[35m[WD Proxy]&amp#27;[39m Matched '/element' to command name 'findElement'
[debug] &amp#27;[35m[WD Proxy]&amp#27;[39m Proxying [POST /element] to [POST http://127.0.0.1:8200/wd/hub/session/73d9c4e3-f227-4a78-9fcf-595c38d5af5b/element] with body: {"strategy":"xpath","selector":"//*[@text='Search']","context":"","multiple":false}
&amp#27;[35m[WD Proxy]&amp#27;[39m Got response with status 404: {"sessionId":"73d9c4e3-f227-4a78-9fcf-595c38d5af5b","value":{"error":"no such element","message":"An element could not be located on the page using the given search parameters","stacktrace":"io.appium.uiautomator2.common.exceptions.ElementNotFoundException: An element could not be located on the page using the given search parameters\n\tat io.appium.uiautomator2.handler.FindElement.findElement(FindElement.java:102)\n\tat io.appium.uiautomator2.handler.FindElement.safeHandle(FindElement.java:72)\n\tat io.appium.uiautomator2.handler.request.SafeRequestHandler.handle(SafeRequestHandler.java:38)\n\tat io.appium.uiautomator2.server.AppiumServlet.handleRequest(AppiumServlet.java:252)\n\tat io.appium.uiautomator2.server.AppiumServlet.handleHttpRequest(AppiumServlet.java:242)\n\tat io.appium.uiautomator2.http.ServerHandler.channelRead(ServerHandler.java:51)\n\tat io.netty.channel.AbstractChannelHandlerContext.invokeChannelRead(AbstractChannelHandlerContext.java:366)\n\tat io.netty.channel.AbstractChannelHandlerCon...
[debug] &amp#27;[35m[W3C]&amp#27;[39m Matched W3C error code 'no such element' to NoSuchElementError
[debug] &amp#27;[35m[BaseDriver]&amp#27;[39m Waited for 1890 ms so far
[debug] &amp#27;[35m[WD Proxy]&amp#27;[39m Matched '/element' to command name 'findElement'
[debug] &amp#27;[35m[WD Proxy]&amp#27;[39m Proxying [POST /element] to [POST http://127.0.0.1:8200/wd/hub/session/73d9c4e3-f227-4a78-9fcf-595c38d5af5b/element] with body: {"strategy":"xpath","selector":"//*[@text='Search']","context":"","multiple":false}
[debug] &amp#27;[35m[WD Proxy]&amp#27;[39m Got response with status 200: {"sessionId":"73d9c4e3-f227-4a78-9fcf-595c38d5af5b","value":{"ELEMENT":"a3f0dc01-3d65-4b73-80cc-4601a5243f59","element-6066-11e4-a52e-4f735466cecf":"a3f0dc01-3d65-4b73-80cc-4601a5243f59"}}
[debug] &amp#27;[35m[MJSONWP (869e7807)]&amp#27;[39m Responding to client with driver.findElement() result: {"element-6066-11e4-a52e-4f735466cecf":"a3f0dc01-3d65-4b73-80cc-4601a5243f59","ELEMENT":"a3f0dc01-3d65-4b73-80cc-4601a5243f59"}
&amp#27;[35m[HTTP]&amp#27;[39m &amp#27;[37m<-- POST /wd/hub/session/869e7807-8bcb-4a6d-92bb-a3c748acb768/element &amp#27;[39m&amp#27;[32m200&amp#27;[39m &amp#27;[90m2760 ms - 199&amp#27;[39m
&amp#27;[35m[HTTP]&amp#27;[39m &amp#27;[90m&amp#27;[39m
&amp#27;[35m[HTTP]&amp#27;[39m &amp#27;[37m-->&amp#27;[39m &amp#27;[37mPOST&amp#27;[39m &amp#27;[37m/wd/hub/session/869e7807-8bcb-4a6d-92bb-a3c748acb768/element/a3f0dc01-3d65-4b73-80cc-4601a5243f59/click&amp#27;[39m
&amp#27;[35m[HTTP]&amp#27;[39m &amp#27;[90m{"id":"a3f0dc01-3d65-4b73-80cc-4601a5243f59"}&amp#27;[39m
[debug] &amp#27;[35m[MJSONWP (869e7807)]&amp#27;[39m Calling AppiumDriver.click() with args: ["a3f0dc01-3d65-4b73-80cc-4601a5243f59","869e7807-8bcb-4a6d-92bb-a3c748acb768"]
[debug] &amp#27;[35m[WD Proxy]&amp#27;[39m Matched '/element/a3f0dc01-3d65-4b73-80cc-4601a5243f59/click' to command name 'click'
[debug] &amp#27;[35m[WD Proxy]&amp#27;[39m Proxying [POST /element/a3f0dc01-3d65-4b73-80cc-4601a5243f59/click] to [POST http://127.0.0.1:8200/wd/hub/session/73d9c4e3-f227-4a78-9fcf-595c38d5af5b/element/a3f0dc01-3d65-4b73-80cc-4601a5243f59/click] with body: {"element":"a3f0dc01-3d65-4b73-80cc-4601a5243f59"}
[debug] &amp#27;[35m[WD Proxy]&amp#27;[39m Got response with status 200: {"sessionId":"73d9c4e3-f227-4a78-9fcf-595c38d5af5b","value":null}
[debug] &amp#27;[35m[MJSONWP (869e7807)]&amp#27;[39m Responding to client with driver.click() result: null
&amp#27;[35m[HTTP]&amp#27;[39m &amp#27;[37m<-- POST /wd/hub/session/869e7807-8bcb-4a6d-92bb-a3c748acb768/element/a3f0dc01-3d65-4b73-80cc-4601a5243f59/click &amp#27;[39m&amp#27;[32m200&amp#27;[39m &amp#27;[90m724 ms - 76&amp#27;[39m
&amp#27;[35m[HTTP]&amp#27;[39m &amp#27;[90m&amp#27;[39m
&amp#27;[35m[HTTP]&amp#27;[39m &amp#27;[37m-->&amp#27;[39m &amp#27;[37mPOST&amp#27;[39m &amp#27;[37m/wd/hub/session/869e7807-8bcb-4a6d-92bb-a3c748acb768/element&amp#27;[39m
&amp#27;[35m[HTTP]&amp#27;[39m &amp#27;[90m{"using":"xpath","value":"//*[@text='Math']"}&amp#27;[39m
[debug] &amp#27;[35m[MJSONWP (869e7807)]&amp#27;[39m Calling AppiumDriver.findElement() with args: ["xpath","//*[@text='Math']","869e7807-8bcb-4a6d-92bb-a3c748acb768"]
[debug] &amp#27;[35m[BaseDriver]&amp#27;[39m Valid locator strategies for this request: xpath, id, class name, accessibility id, -android uiautomator
[debug] &amp#27;[35m[BaseDriver]&amp#27;[39m Waiting up to 50000 ms for condition
[debug] &amp#27;[35m[WD Proxy]&amp#27;[39m Matched '/element' to command name 'findElement'
[debug] &amp#27;[35m[WD Proxy]&amp#27;[39m Proxying [POST /element] to [POST http://127.0.0.1:8200/wd/hub/session/73d9c4e3-f227-4a78-9fcf-595c38d5af5b/element] with body: {"strategy":"xpath","selector":"//*[@text='Math']","context":"","multiple":false}
&amp#27;[35m[WD Proxy]&amp#27;[39m Got response with status 404: {"sessionId":"73d9c4e3-f227-4a78-9fcf-595c38d5af5b","value":{"error":"no such element","message":"An element could not be located on the page using the given search parameters","stacktrace":"io.appium.uiautomator2.common.exceptions.ElementNotFoundException: An element could not be located on the page using the given search parameters\n\tat io.appium.uiautomator2.handler.FindElement.findElement(FindElement.java:102)\n\tat io.appium.uiautomator2.handler.FindElement.safeHandle(FindElement.java:72)\n\tat io.appium.uiautomator2.handler.request.SafeRequestHandler.handle(SafeRequestHandler.java:38)\n\tat io.appium.uiautomator2.server.AppiumServlet.handleRequest(AppiumServlet.java:252)\n\tat io.appium.uiautomator2.server.AppiumServlet.handleHttpRequest(AppiumServlet.java:242)\n\tat io.appium.uiautomator2.http.ServerHandler.channelRead(ServerHandler.java:51)\n\tat io.netty.channel.AbstractChannelHandlerContext.invokeChannelRead(AbstractChannelHandlerContext.java:366)\n\tat io.netty.channel.AbstractChannelHandlerCon...
[debug] &amp#27;[35m[W3C]&amp#27;[39m Matched W3C error code 'no such element' to NoSuchElementError
[debug] &amp#27;[35m[BaseDriver]&amp#27;[39m Waited for 315 ms so far
[debug] &amp#27;[35m[WD Proxy]&amp#27;[39m Matched '/element' to command name 'findElement'
[debug] &amp#27;[35m[WD Proxy]&amp#27;[39m Proxying [POST /element] to [POST http://127.0.0.1:8200/wd/hub/session/73d9c4e3-f227-4a78-9fcf-595c38d5af5b/element] with body: {"strategy":"xpath","selector":"//*[@text='Math']","context":"","multiple":false}
&amp#27;[35m[WD Proxy]&amp#27;[39m Got response with status 404: {"sessionId":"73d9c4e3-f227-4a78-9fcf-595c38d5af5b","value":{"error":"no such element","message":"An element could not be located on the page using the given search parameters","stacktrace":"io.appium.uiautomator2.common.exceptions.ElementNotFoundException: An element could not be located on the page using the given search parameters\n\tat io.appium.uiautomator2.handler.FindElement.findElement(FindElement.java:102)\n\tat io.appium.uiautomator2.handler.FindElement.safeHandle(FindElement.java:72)\n\tat io.appium.uiautomator2.handler.request.SafeRequestHandler.handle(SafeRequestHandler.java:38)\n\tat io.appium.uiautomator2.server.AppiumServlet.handleRequest(AppiumServlet.java:252)\n\tat io.appium.uiautomator2.server.AppiumServlet.handleHttpRequest(AppiumServlet.java:242)\n\tat io.appium.uiautomator2.http.ServerHandler.channelRead(ServerHandler.java:51)\n\tat io.netty.channel.AbstractChannelHandlerContext.invokeChannelRead(AbstractChannelHandlerContext.java:366)\n\tat io.netty.channel.AbstractChannelHandlerCon...
[debug] &amp#27;[35m[W3C]&amp#27;[39m Matched W3C error code 'no such element' to NoSuchElementError
[debug] &amp#27;[35m[BaseDriver]&amp#27;[39m Waited for 1012 ms so far
[debug] &amp#27;[35m[WD Proxy]&amp#27;[39m Matched '/element' to command name 'findElement'
[debug] &amp#27;[35m[WD Proxy]&amp#27;[39m Proxying [POST /element] to [POST http://127.0.0.1:8200/wd/hub/session/73d9c4e3-f227-4a78-9fcf-595c38d5af5b/element] with body: {"strategy":"xpath","selector":"//*[@text='Math']","context":"","multiple":false}
[debug] &amp#27;[35m[WD Proxy]&amp#27;[39m Got response with status 200: {"sessionId":"73d9c4e3-f227-4a78-9fcf-595c38d5af5b","value":{"ELEMENT":"e07263c9-5437-4b0e-8611-05f9c5ade4c8","element-6066-11e4-a52e-4f735466cecf":"e07263c9-5437-4b0e-8611-05f9c5ade4c8"}}
[debug] &amp#27;[35m[MJSONWP (869e7807)]&amp#27;[39m Responding to client with driver.findElement() result: {"element-6066-11e4-a52e-4f735466cecf":"e07263c9-5437-4b0e-8611-05f9c5ade4c8","ELEMENT":"e07263c9-5437-4b0e-8611-05f9c5ade4c8"}
&amp#27;[35m[HTTP]&amp#27;[39m &amp#27;[37m<-- POST /wd/hub/session/869e7807-8bcb-4a6d-92bb-a3c748acb768/element &amp#27;[39m&amp#27;[32m200&amp#27;[39m &amp#27;[90m2051 ms - 199&amp#27;[39m
&amp#27;[35m[HTTP]&amp#27;[39m &amp#27;[90m&amp#27;[39m
&amp#27;[35m[HTTP]&amp#27;[39m &amp#27;[37m-->&amp#27;[39m &amp#27;[37mPOST&amp#27;[39m &amp#27;[37m/wd/hub/session/869e7807-8bcb-4a6d-92bb-a3c748acb768/element/e07263c9-5437-4b0e-8611-05f9c5ade4c8/click&amp#27;[39m
&amp#27;[35m[HTTP]&amp#27;[39m &amp#27;[90m{"id":"e07263c9-5437-4b0e-8611-05f9c5ade4c8"}&amp#27;[39m
[debug] &amp#27;[35m[MJSONWP (869e7807)]&amp#27;[39m Calling AppiumDriver.click() with args: ["e07263c9-5437-4b0e-8611-05f9c5ade4c8","869e7807-8bcb-4a6d-92bb-a3c748acb768"]
[debug] &amp#27;[35m[WD Proxy]&amp#27;[39m Matched '/element/e07263c9-5437-4b0e-8611-05f9c5ade4c8/click' to command name 'click'
[debug] &amp#27;[35m[WD Proxy]&amp#27;[39m Proxying [POST /element/e07263c9-5437-4b0e-8611-05f9c5ade4c8/click] to [POST http://127.0.0.1:8200/wd/hub/session/73d9c4e3-f227-4a78-9fcf-595c38d5af5b/element/e07263c9-5437-4b0e-8611-05f9c5ade4c8/click] with body: {"element":"e07263c9-5437-4b0e-8611-05f9c5ade4c8"}
[debug] &amp#27;[35m[WD Proxy]&amp#27;[39m Got response with status 200: {"sessionId":"73d9c4e3-f227-4a78-9fcf-595c38d5af5b","value":null}
[debug] &amp#27;[35m[MJSONWP (869e7807)]&amp#27;[39m Responding to client with driver.click() result: null
&amp#27;[35m[HTTP]&amp#27;[39m &amp#27;[37m<-- POST /wd/hub/session/869e7807-8bcb-4a6d-92bb-a3c748acb768/element/e07263c9-5437-4b0e-8611-05f9c5ade4c8/click &amp#27;[39m&amp#27;[32m200&amp#27;[39m &amp#27;[90m29 ms - 76&amp#27;[39m
&amp#27;[35m[HTTP]&amp#27;[39m &amp#27;[90m&amp#27;[39m
&amp#27;[35m[HTTP]&amp#27;[39m &amp#27;[37m-->&amp#27;[39m &amp#27;[37mPOST&amp#27;[39m &amp#27;[37m/wd/hub/session/869e7807-8bcb-4a6d-92bb-a3c748acb768/element&amp#27;[39m
&amp#27;[35m[HTTP]&amp#27;[39m &amp#27;[90m{"using":"-android uiautomator","value":"new UiScrollable(new UiSelector()).scrollIntoView(text(\"Class 6 (Foundation)\"));"}&amp#27;[39m
[debug] &amp#27;[35m[MJSONWP (869e7807)]&amp#27;[39m Calling AppiumDriver.findElement() with args: ["-android uiautomator","new UiScrollable(new UiSelector()).scrollIntoView(text(\"Class 6 (Foundation)\"));","869e7807-8bcb-4a6d-92bb-a3c748acb768"]
[debug] &amp#27;[35m[BaseDriver]&amp#27;[39m Valid locator strategies for this request: xpath, id, class name, accessibility id, -android uiautomator
[debug] &amp#27;[35m[BaseDriver]&amp#27;[39m Waiting up to 50000 ms for condition
[debug] &amp#27;[35m[WD Proxy]&amp#27;[39m Matched '/element' to command name 'findElement'
[debug] &amp#27;[35m[WD Proxy]&amp#27;[39m Proxying [POST /element] to [POST http://127.0.0.1:8200/wd/hub/session/73d9c4e3-f227-4a78-9fcf-595c38d5af5b/element] with body: {"strategy":"-android uiautomator","selector":"new UiScrollable(new UiSelector()).scrollIntoView(text(\"Class 6 (Foundation)\"));","context":"","multiple":false}
&amp#27;[35m[WD Proxy]&amp#27;[39m Got response with status 404: {"sessionId":"73d9c4e3-f227-4a78-9fcf-595c38d5af5b","value":{"error":"no such element","message":"An element could not be located on the page using the given search parameters","stacktrace":"io.appium.uiautomator2.common.exceptions.ElementNotFoundException: An element could not be located on the page using the given search parameters\n\tat io.appium.uiautomator2.handler.FindElement.safeHandle(FindElement.java:78)\n\tat io.appium.uiautomator2.handler.request.SafeRequestHandler.handle(SafeRequestHandler.java:38)\n\tat io.appium.uiautomator2.server.AppiumServlet.handleRequest(AppiumServlet.java:252)\n\tat io.appium.uiautomator2.server.AppiumServlet.handleHttpRequest(AppiumServlet.java:242)\n\tat io.appium.uiautomator2.http.ServerHandler.channelRead(ServerHandler.java:51)\n\tat io.netty.channel.AbstractChannelHandlerContext.invokeChannelRead(AbstractChannelHandlerContext.java:366)\n\tat io.netty.channel.AbstractChannelHandlerContext.invokeChannelRead(AbstractChannelHandlerContext.java:352)\n\tat io.netty.chann...
[debug] &amp#27;[35m[W3C]&amp#27;[39m Matched W3C error code 'no such element' to NoSuchElementError
[debug] &amp#27;[35m[BaseDriver]&amp#27;[39m Waited for 3396 ms so far
[debug] &amp#27;[35m[WD Proxy]&amp#27;[39m Matched '/element' to command name 'findElement'
[debug] &amp#27;[35m[WD Proxy]&amp#27;[39m Proxying [POST /element] to [POST http://127.0.0.1:8200/wd/hub/session/73d9c4e3-f227-4a78-9fcf-595c38d5af5b/element] with body: {"strategy":"-android uiautomator","selector":"new UiScrollable(new UiSelector()).scrollIntoView(text(\"Class 6 (Foundation)\"));","context":"","multiple":false}
[debug] &amp#27;[35m[WD Proxy]&amp#27;[39m Got response with status 200: {"sessionId":"73d9c4e3-f227-4a78-9fcf-595c38d5af5b","value":{"ELEMENT":"6211d8e3-1253-477f-814f-f6681ac427ba","element-6066-11e4-a52e-4f735466cecf":"6211d8e3-1253-477f-814f-f6681ac427ba"}}
[debug] &amp#27;[35m[MJSONWP (869e7807)]&amp#27;[39m Responding to client with driver.findElement() result: {"element-6066-11e4-a52e-4f735466cecf":"6211d8e3-1253-477f-814f-f6681ac427ba","ELEMENT":"6211d8e3-1253-477f-814f-f6681ac427ba"}
&amp#27;[35m[HTTP]&amp#27;[39m &amp#27;[37m<-- POST /wd/hub/session/869e7807-8bcb-4a6d-92bb-a3c748acb768/element &amp#27;[39m&amp#27;[32m200&amp#27;[39m &amp#27;[90m7504 ms - 199&amp#27;[39m
&amp#27;[35m[HTTP]&amp#27;[39m &amp#27;[90m&amp#27;[39m
&amp#27;[35m[HTTP]&amp#27;[39m &amp#27;[37m-->&amp#27;[39m &amp#27;[37mPOST&amp#27;[39m &amp#27;[37m/wd/hub/session/869e7807-8bcb-4a6d-92bb-a3c748acb768/element/6211d8e3-1253-477f-814f-f6681ac427ba/click&amp#27;[39m
&amp#27;[35m[HTTP]&amp#27;[39m &amp#27;[90m{"id":"6211d8e3-1253-477f-814f-f6681ac427ba"}&amp#27;[39m
[debug] &amp#27;[35m[MJSONWP (869e7807)]&amp#27;[39m Calling AppiumDriver.click() with args: ["6211d8e3-1253-477f-814f-f6681ac427ba","869e7807-8bcb-4a6d-92bb-a3c748acb768"]
[debug] &amp#27;[35m[WD Proxy]&amp#27;[39m Matched '/element/6211d8e3-1253-477f-814f-f6681ac427ba/click' to command name 'click'
[debug] &amp#27;[35m[WD Proxy]&amp#27;[39m Proxying [POST /element/6211d8e3-1253-477f-814f-f6681ac427ba/click] to [POST http://127.0.0.1:8200/wd/hub/session/73d9c4e3-f227-4a78-9fcf-595c38d5af5b/element/6211d8e3-1253-477f-814f-f6681ac427ba/click] with body: {"element":"6211d8e3-1253-477f-814f-f6681ac427ba"}
[debug] &amp#27;[35m[WD Proxy]&amp#27;[39m Got response with status 200: {"sessionId":"73d9c4e3-f227-4a78-9fcf-595c38d5af5b","value":null}
[debug] &amp#27;[35m[MJSONWP (869e7807)]&amp#27;[39m Responding to client with driver.click() result: null
&amp#27;[35m[HTTP]&amp#27;[39m &amp#27;[37m<-- POST /wd/hub/session/869e7807-8bcb-4a6d-92bb-a3c748acb768/element/6211d8e3-1253-477f-814f-f6681ac427ba/click &amp#27;[39m&amp#27;[32m200&amp#27;[39m &amp#27;[90m5292 ms - 76&amp#27;[39m
&amp#27;[35m[HTTP]&amp#27;[39m &amp#27;[90m&amp#27;[39m
&amp#27;[35m[HTTP]&amp#27;[39m &amp#27;[37m-->&amp#27;[39m &amp#27;[37mPOST&amp#27;[39m &amp#27;[37m/wd/hub/session/869e7807-8bcb-4a6d-92bb-a3c748acb768/timeouts&amp#27;[39m
&amp#27;[35m[HTTP]&amp#27;[39m &amp#27;[90m{"type":"implicit","ms":30000}&amp#27;[39m
[debug] &amp#27;[35m[MJSONWP (869e7807)]&amp#27;[39m Calling AppiumDriver.timeouts() with args: ["implicit",30000,null,null,null,"869e7807-8bcb-4a6d-92bb-a3c748acb768"]
[debug] &amp#27;[35m[BaseDriver]&amp#27;[39m MJSONWP timeout arguments: {"type":"implicit","ms":30000}}
[debug] &amp#27;[35m[BaseDriver]&amp#27;[39m Set implicit wait to 30000ms
[debug] &amp#27;[35m[MJSONWP (869e7807)]&amp#27;[39m Responding to client with driver.timeouts() result: null
&amp#27;[35m[HTTP]&amp#27;[39m &amp#27;[37m<-- POST /wd/hub/session/869e7807-8bcb-4a6d-92bb-a3c748acb768/timeouts &amp#27;[39m&amp#27;[32m200&amp#27;[39m &amp#27;[90m3 ms - 76&amp#27;[39m
&amp#27;[35m[HTTP]&amp#27;[39m &amp#27;[90m&amp#27;[39m
&amp#27;[35m[HTTP]&amp#27;[39m &amp#27;[37m-->&amp#27;[39m &amp#27;[37mPOST&amp#27;[39m &amp#27;[37m/wd/hub/session/869e7807-8bcb-4a6d-92bb-a3c748acb768/element&amp#27;[39m
&amp#27;[35m[HTTP]&amp#27;[39m &amp#27;[90m{"using":"xpath","value":"//*[@text='Addition and subtraction']"}&amp#27;[39m
[debug] &amp#27;[35m[MJSONWP (869e7807)]&amp#27;[39m Calling AppiumDriver.findElement() with args: ["xpath","//*[@text='Addition and subtraction']","869e7807-8bcb-4a6d-92bb-a3c748acb768"]
[debug] &amp#27;[35m[BaseDriver]&amp#27;[39m Valid locator strategies for this request: xpath, id, class name, accessibility id, -android uiautomator
[debug] &amp#27;[35m[BaseDriver]&amp#27;[39m Waiting up to 30000 ms for condition
[debug] &amp#27;[35m[WD Proxy]&amp#27;[39m Matched '/element' to command name 'findElement'
[debug] &amp#27;[35m[WD Proxy]&amp#27;[39m Proxying [POST /element] to [POST http://127.0.0.1:8200/wd/hub/session/73d9c4e3-f227-4a78-9fcf-595c38d5af5b/element] with body: {"strategy":"xpath","selector":"//*[@text='Addition and subtraction']","context":"","multiple":false}
[debug] &amp#27;[35m[WD Proxy]&amp#27;[39m Got response with status 200: {"sessionId":"73d9c4e3-f227-4a78-9fcf-595c38d5af5b","value":{"ELEMENT":"012afb53-6993-4a12-9e6c-734b2453eaea","element-6066-11e4-a52e-4f735466cecf":"012afb53-6993-4a12-9e6c-734b2453eaea"}}
[debug] &amp#27;[35m[MJSONWP (869e7807)]&amp#27;[39m Responding to client with driver.findElement() result: {"element-6066-11e4-a52e-4f735466cecf":"012afb53-6993-4a12-9e6c-734b2453eaea","ELEMENT":"012afb53-6993-4a12-9e6c-734b2453eaea"}
&amp#27;[35m[HTTP]&amp#27;[39m &amp#27;[37m<-- POST /wd/hub/session/869e7807-8bcb-4a6d-92bb-a3c748acb768/element &amp#27;[39m&amp#27;[32m200&amp#27;[39m &amp#27;[90m252 ms - 199&amp#27;[39m
&amp#27;[35m[HTTP]&amp#27;[39m &amp#27;[90m&amp#27;[39m
&amp#27;[35m[HTTP]&amp#27;[39m &amp#27;[37m-->&amp#27;[39m &amp#27;[37mPOST&amp#27;[39m &amp#27;[37m/wd/hub/session/869e7807-8bcb-4a6d-92bb-a3c748acb768/element/012afb53-6993-4a12-9e6c-734b2453eaea/click&amp#27;[39m
&amp#27;[35m[HTTP]&amp#27;[39m &amp#27;[90m{"id":"012afb53-6993-4a12-9e6c-734b2453eaea"}&amp#27;[39m
[debug] &amp#27;[35m[MJSONWP (869e7807)]&amp#27;[39m Calling AppiumDriver.click() with args: ["012afb53-6993-4a12-9e6c-734b2453eaea","869e7807-8bcb-4a6d-92bb-a3c748acb768"]
[debug] &amp#27;[35m[WD Proxy]&amp#27;[39m Matched '/element/012afb53-6993-4a12-9e6c-734b2453eaea/click' to command name 'click'
[debug] &amp#27;[35m[WD Proxy]&amp#27;[39m Proxying [POST /element/012afb53-6993-4a12-9e6c-734b2453eaea/click] to [POST http://127.0.0.1:8200/wd/hub/session/73d9c4e3-f227-4a78-9fcf-595c38d5af5b/element/012afb53-6993-4a12-9e6c-734b2453eaea/click] with body: {"element":"012afb53-6993-4a12-9e6c-734b2453eaea"}
[debug] &amp#27;[35m[WD Proxy]&amp#27;[39m Got response with status 200: {"sessionId":"73d9c4e3-f227-4a78-9fcf-595c38d5af5b","value":null}
[debug] &amp#27;[35m[MJSONWP (869e7807)]&amp#27;[39m Responding to client with driver.click() result: null
&amp#27;[35m[HTTP]&amp#27;[39m &amp#27;[37m<-- POST /wd/hub/session/869e7807-8bcb-4a6d-92bb-a3c748acb768/element/012afb53-6993-4a12-9e6c-734b2453eaea/click &amp#27;[39m&amp#27;[32m200&amp#27;[39m &amp#27;[90m30 ms - 76&amp#27;[39m
&amp#27;[35m[HTTP]&amp#27;[39m &amp#27;[90m&amp#27;[39m
&amp#27;[35m[HTTP]&amp#27;[39m &amp#27;[37m-->&amp#27;[39m &amp#27;[37mPOST&amp#27;[39m &amp#27;[37m/wd/hub/session/869e7807-8bcb-4a6d-92bb-a3c748acb768/element&amp#27;[39m
&amp#27;[35m[HTTP]&amp#27;[39m &amp#27;[90m{"using":"-android uiautomator","value":"new UiScrollable(new UiSelector()).scrollIntoView(text(\"Add within 1000\"));"}&amp#27;[39m
[debug] &amp#27;[35m[MJSONWP (869e7807)]&amp#27;[39m Calling AppiumDriver.findElement() with args: ["-android uiautomator","new UiScrollable(new UiSelector()).scrollIntoView(text(\"Add within 1000\"));","869e7807-8bcb-4a6d-92bb-a3c748acb768"]
[debug] &amp#27;[35m[BaseDriver]&amp#27;[39m Valid locator strategies for this request: xpath, id, class name, accessibility id, -android uiautomator
[debug] &amp#27;[35m[BaseDriver]&amp#27;[39m Waiting up to 30000 ms for condition
[debug] &amp#27;[35m[WD Proxy]&amp#27;[39m Matched '/element' to command name 'findElement'
[debug] &amp#27;[35m[WD Proxy]&amp#27;[39m Proxying [POST /element] to [POST http://127.0.0.1:8200/wd/hub/session/73d9c4e3-f227-4a78-9fcf-595c38d5af5b/element] with body: {"strategy":"-android uiautomator","selector":"new UiScrollable(new UiSelector()).scrollIntoView(text(\"Add within 1000\"));","context":"","multiple":false}
[debug] &amp#27;[35m[WD Proxy]&amp#27;[39m Got response with status 200: {"sessionId":"73d9c4e3-f227-4a78-9fcf-595c38d5af5b","value":{"ELEMENT":"5aee6c71-ec44-41e6-b1c7-4eba41fd23c8","element-6066-11e4-a52e-4f735466cecf":"5aee6c71-ec44-41e6-b1c7-4eba41fd23c8"}}
[debug] &amp#27;[35m[MJSONWP (869e7807)]&amp#27;[39m Responding to client with driver.findElement() result: {"element-6066-11e4-a52e-4f735466cecf":"5aee6c71-ec44-41e6-b1c7-4eba41fd23c8","ELEMENT":"5aee6c71-ec44-41e6-b1c7-4eba41fd23c8"}
&amp#27;[35m[HTTP]&amp#27;[39m &amp#27;[37m<-- POST /wd/hub/session/869e7807-8bcb-4a6d-92bb-a3c748acb768/element &amp#27;[39m&amp#27;[32m200&amp#27;[39m &amp#27;[90m1546 ms - 199&amp#27;[39m
&amp#27;[35m[HTTP]&amp#27;[39m &amp#27;[90m&amp#27;[39m
&amp#27;[35m[HTTP]&amp#27;[39m &amp#27;[37m-->&amp#27;[39m &amp#27;[37mPOST&amp#27;[39m &amp#27;[37m/wd/hub/session/869e7807-8bcb-4a6d-92bb-a3c748acb768/element/5aee6c71-ec44-41e6-b1c7-4eba41fd23c8/click&amp#27;[39m
&amp#27;[35m[HTTP]&amp#27;[39m &amp#27;[90m{"id":"5aee6c71-ec44-41e6-b1c7-4eba41fd23c8"}&amp#27;[39m
[debug] &amp#27;[35m[MJSONWP (869e7807)]&amp#27;[39m Calling AppiumDriver.click() with args: ["5aee6c71-ec44-41e6-b1c7-4eba41fd23c8","869e7807-8bcb-4a6d-92bb-a3c748acb768"]
[debug] &amp#27;[35m[WD Proxy]&amp#27;[39m Matched '/element/5aee6c71-ec44-41e6-b1c7-4eba41fd23c8/click' to command name 'click'
[debug] &amp#27;[35m[WD Proxy]&amp#27;[39m Proxying [POST /element/5aee6c71-ec44-41e6-b1c7-4eba41fd23c8/click] to [POST http://127.0.0.1:8200/wd/hub/session/73d9c4e3-f227-4a78-9fcf-595c38d5af5b/element/5aee6c71-ec44-41e6-b1c7-4eba41fd23c8/click] with body: {"element":"5aee6c71-ec44-41e6-b1c7-4eba41fd23c8"}
[debug] &amp#27;[35m[WD Proxy]&amp#27;[39m Got response with status 200: {"sessionId":"73d9c4e3-f227-4a78-9fcf-595c38d5af5b","value":null}
[debug] &amp#27;[35m[MJSONWP (869e7807)]&amp#27;[39m Responding to client with driver.click() result: null
&amp#27;[35m[HTTP]&amp#27;[39m &amp#27;[37m<-- POST /wd/hub/session/869e7807-8bcb-4a6d-92bb-a3c748acb768/element/5aee6c71-ec44-41e6-b1c7-4eba41fd23c8/click &amp#27;[39m&amp#27;[32m200&amp#27;[39m &amp#27;[90m7179 ms - 76&amp#27;[39m
&amp#27;[35m[HTTP]&amp#27;[39m &amp#27;[90m&amp#27;[39m
&amp#27;[35m[HTTP]&amp#27;[39m &amp#27;[37m-->&amp#27;[39m &amp#27;[37mPOST&amp#27;[39m &amp#27;[37m/wd/hub/session/869e7807-8bcb-4a6d-92bb-a3c748acb768/element&amp#27;[39m
&amp#27;[35m[HTTP]&amp#27;[39m &amp#27;[90m{"using":"xpath","value":"//*[@class='android.view.ViewGroup' and @index='5']"}&amp#27;[39m
[debug] &amp#27;[35m[MJSONWP (869e7807)]&amp#27;[39m Calling AppiumDriver.findElement() with args: ["xpath","//*[@class='android.view.ViewGroup' and @index='5']","869e7807-8bcb-4a6d-92bb-a3c748acb768"]
[debug] &amp#27;[35m[BaseDriver]&amp#27;[39m Valid locator strategies for this request: xpath, id, class name, accessibility id, -android uiautomator
[debug] &amp#27;[35m[BaseDriver]&amp#27;[39m Waiting up to 30000 ms for condition
[debug] &amp#27;[35m[WD Proxy]&amp#27;[39m Matched '/element' to command name 'findElement'
[debug] &amp#27;[35m[WD Proxy]&amp#27;[39m Proxying [POST /element] to [POST http://127.0.0.1:8200/wd/hub/session/73d9c4e3-f227-4a78-9fcf-595c38d5af5b/element] with body: {"strategy":"xpath","selector":"//*[@class='android.view.ViewGroup' and @index='5']","context":"","multiple":false}
[debug] &amp#27;[35m[WD Proxy]&amp#27;[39m Got response with status 200: {"sessionId":"73d9c4e3-f227-4a78-9fcf-595c38d5af5b","value":{"ELEMENT":"efdb4ec5-dff7-4bbc-a4cc-7f479694431a","element-6066-11e4-a52e-4f735466cecf":"efdb4ec5-dff7-4bbc-a4cc-7f479694431a"}}
[debug] &amp#27;[35m[MJSONWP (869e7807)]&amp#27;[39m Responding to client with driver.findElement() result: {"element-6066-11e4-a52e-4f735466cecf":"efdb4ec5-dff7-4bbc-a4cc-7f479694431a","ELEMENT":"efdb4ec5-dff7-4bbc-a4cc-7f479694431a"}
&amp#27;[35m[HTTP]&amp#27;[39m &amp#27;[37m<-- POST /wd/hub/session/869e7807-8bcb-4a6d-92bb-a3c748acb768/element &amp#27;[39m&amp#27;[32m200&amp#27;[39m &amp#27;[90m162 ms - 199&amp#27;[39m
&amp#27;[35m[HTTP]&amp#27;[39m &amp#27;[90m&amp#27;[39m
&amp#27;[35m[HTTP]&amp#27;[39m &amp#27;[37m-->&amp#27;[39m &amp#27;[37mGET&amp#27;[39m &amp#27;[37m/wd/hub/session/869e7807-8bcb-4a6d-92bb-a3c748acb768/element/efdb4ec5-dff7-4bbc-a4cc-7f479694431a/displayed&amp#27;[39m
&amp#27;[35m[HTTP]&amp#27;[39m &amp#27;[90m{}&amp#27;[39m
[debug] &amp#27;[35m[MJSONWP (869e7807)]&amp#27;[39m Calling AppiumDriver.elementDisplayed() with args: ["efdb4ec5-dff7-4bbc-a4cc-7f479694431a","869e7807-8bcb-4a6d-92bb-a3c748acb768"]
[debug] &amp#27;[35m[WD Proxy]&amp#27;[39m Matched '/element/efdb4ec5-dff7-4bbc-a4cc-7f479694431a/attribute/displayed' to command name 'getAttribute'
[debug] &amp#27;[35m[WD Proxy]&amp#27;[39m Proxying [GET /element/efdb4ec5-dff7-4bbc-a4cc-7f479694431a/attribute/displayed] to [GET http://127.0.0.1:8200/wd/hub/session/73d9c4e3-f227-4a78-9fcf-595c38d5af5b/element/efdb4ec5-dff7-4bbc-a4cc-7f479694431a/attribute/displayed] with body: {}
[debug] &amp#27;[35m[WD Proxy]&amp#27;[39m Got response with status 200: {"sessionId":"73d9c4e3-f227-4a78-9fcf-595c38d5af5b","value":"true"}
[debug] &amp#27;[35m[MJSONWP (869e7807)]&amp#27;[39m Responding to client with driver.elementDisplayed() result: true
&amp#27;[35m[HTTP]&amp#27;[39m &amp#27;[37m<-- GET /wd/hub/session/869e7807-8bcb-4a6d-92bb-a3c748acb768/element/efdb4ec5-dff7-4bbc-a4cc-7f479694431a/displayed &amp#27;[39m&amp#27;[32m200&amp#27;[39m &amp#27;[90m674 ms - 76&amp#27;[39m
&amp#27;[35m[HTTP]&amp#27;[39m &amp#27;[90m&amp#27;[39m
&amp#27;[35m[HTTP]&amp#27;[39m &amp#27;[37m-->&amp#27;[39m &amp#27;[37mPOST&amp#27;[39m &amp#27;[37m/wd/hub/session/869e7807-8bcb-4a6d-92bb-a3c748acb768/element&amp#27;[39m
&amp#27;[35m[HTTP]&amp#27;[39m &amp#27;[90m{"using":"xpath","value":"//*[@class='android.view.ViewGroup' and @index='5']"}&amp#27;[39m
[debug] &amp#27;[35m[MJSONWP (869e7807)]&amp#27;[39m Calling AppiumDriver.findElement() with args: ["xpath","//*[@class='android.view.ViewGroup' and @index='5']","869e7807-8bcb-4a6d-92bb-a3c748acb768"]
[debug] &amp#27;[35m[BaseDriver]&amp#27;[39m Valid locator strategies for this request: xpath, id, class name, accessibility id, -android uiautomator
[debug] &amp#27;[35m[BaseDriver]&amp#27;[39m Waiting up to 30000 ms for condition
[debug] &amp#27;[35m[WD Proxy]&amp#27;[39m Matched '/element' to command name 'findElement'
[debug] &amp#27;[35m[WD Proxy]&amp#27;[39m Proxying [POST /element] to [POST http://127.0.0.1:8200/wd/hub/session/73d9c4e3-f227-4a78-9fcf-595c38d5af5b/element] with body: {"strategy":"xpath","selector":"//*[@class='android.view.ViewGroup' and @index='5']","context":"","multiple":false}
[debug] &amp#27;[35m[WD Proxy]&amp#27;[39m Got response with status 200: {"sessionId":"73d9c4e3-f227-4a78-9fcf-595c38d5af5b","value":{"ELEMENT":"3884c429-e598-4b62-9a1c-2396c67837d6","element-6066-11e4-a52e-4f735466cecf":"3884c429-e598-4b62-9a1c-2396c67837d6"}}
[debug] &amp#27;[35m[MJSONWP (869e7807)]&amp#27;[39m Responding to client with driver.findElement() result: {"element-6066-11e4-a52e-4f735466cecf":"3884c429-e598-4b62-9a1c-2396c67837d6","ELEMENT":"3884c429-e598-4b62-9a1c-2396c67837d6"}
&amp#27;[35m[HTTP]&amp#27;[39m &amp#27;[37m<-- POST /wd/hub/session/869e7807-8bcb-4a6d-92bb-a3c748acb768/element &amp#27;[39m&amp#27;[32m200&amp#27;[39m &amp#27;[90m153 ms - 199&amp#27;[39m
&amp#27;[35m[HTTP]&amp#27;[39m &amp#27;[90m&amp#27;[39m
&amp#27;[35m[HTTP]&amp#27;[39m &amp#27;[37m-->&amp#27;[39m &amp#27;[37mPOST&amp#27;[39m &amp#27;[37m/wd/hub/session/869e7807-8bcb-4a6d-92bb-a3c748acb768/element/3884c429-e598-4b62-9a1c-2396c67837d6/click&amp#27;[39m
&amp#27;[35m[HTTP]&amp#27;[39m &amp#27;[90m{"id":"3884c429-e598-4b62-9a1c-2396c67837d6"}&amp#27;[39m
[debug] &amp#27;[35m[MJSONWP (869e7807)]&amp#27;[39m Calling AppiumDriver.click() with args: ["3884c429-e598-4b62-9a1c-2396c67837d6","869e7807-8bcb-4a6d-92bb-a3c748acb768"]
[debug] &amp#27;[35m[WD Proxy]&amp#27;[39m Matched '/element/3884c429-e598-4b62-9a1c-2396c67837d6/click' to command name 'click'
[debug] &amp#27;[35m[WD Proxy]&amp#27;[39m Proxying [POST /element/3884c429-e598-4b62-9a1c-2396c67837d6/click] to [POST http://127.0.0.1:8200/wd/hub/session/73d9c4e3-f227-4a78-9fcf-595c38d5af5b/element/3884c429-e598-4b62-9a1c-2396c67837d6/click] with body: {"element":"3884c429-e598-4b62-9a1c-2396c67837d6"}
[debug] &amp#27;[35m[WD Proxy]&amp#27;[39m Got response with status 200: {"sessionId":"73d9c4e3-f227-4a78-9fcf-595c38d5af5b","value":null}
[debug] &amp#27;[35m[MJSONWP (869e7807)]&amp#27;[39m Responding to client with driver.click() result: null
&amp#27;[35m[HTTP]&amp#27;[39m &amp#27;[37m<-- POST /wd/hub/session/869e7807-8bcb-4a6d-92bb-a3c748acb768/element/3884c429-e598-4b62-9a1c-2396c67837d6/click &amp#27;[39m&amp#27;[32m200&amp#27;[39m &amp#27;[90m57 ms - 76&amp#27;[39m
&amp#27;[35m[HTTP]&amp#27;[39m &amp#27;[90m&amp#27;[39m
&amp#27;[35m[HTTP]&amp#27;[39m &amp#27;[37m-->&amp#27;[39m &amp#27;[37mPOST&amp#27;[39m &amp#27;[37m/wd/hub/session/869e7807-8bcb-4a6d-92bb-a3c748acb768/element&amp#27;[39m
&amp#27;[35m[HTTP]&amp#27;[39m &amp#27;[90m{"using":"xpath","value":"//android.widget.Button[@content-desc=\"Back\"]/android.widget.ImageView"}&amp#27;[39m
[debug] &amp#27;[35m[MJSONWP (869e7807)]&amp#27;[39m Calling AppiumDriver.findElement() with args: ["xpath","//android.widget.Button[@content-desc=\"Back\"]/android.widget.ImageView","869e7807-8bcb-4a6d-92bb-a3c748acb768"]
[debug] &amp#27;[35m[BaseDriver]&amp#27;[39m Valid locator strategies for this request: xpath, id, class name, accessibility id, -android uiautomator
[debug] &amp#27;[35m[BaseDriver]&amp#27;[39m Waiting up to 30000 ms for condition
[debug] &amp#27;[35m[WD Proxy]&amp#27;[39m Matched '/element' to command name 'findElement'
[...]
[debug] &amp#27;[35m[MJSONWP (869e7807)]&amp#27;[39m Calling AppiumDriver.findElement() with args: ["-android uiautomator","new UiScrollable(new UiSelector().scrollable(true)).setMaxSearchSwipes(10).scrollIntoView(new UiSelector().text(\"High school biology\"))","869e7807-8bcb-4a6d-92bb-a3c748acb768"]
[debug] &amp#27;[35m[BaseDriver]&amp#27;[39m Valid locator strategies for this request: xpath, id, class name, accessibility id, -android uiautomator
[debug] &amp#27;[35m[BaseDriver]&amp#27;[39m Waiting up to 30000 ms for condition
[debug] &amp#27;[35m[WD Proxy]&amp#27;[39m Matched '/element' to command name 'findElement'
[debug] &amp#27;[35m[WD Proxy]&amp#27;[39m Proxying [POST /element] to [POST http://127.0.0.1:8200/wd/hub/session/73d9c4e3-f227-4a78-9fcf-595c38d5af5b/element] with body: {"strategy":"-android uiautomator","selector":"new UiScrollable(new UiSelector().scrollable(true)).setMaxSearchSwipes(10).scrollIntoView(new UiSelector().text(\"High school biology\"))","context":"","multiple":false}
[debug] &amp#27;[35m[WD Proxy]&amp#27;[39m Got response with status 200: {"sessionId":"73d9c4e3-f227-4a78-9fcf-595c38d5af5b","value":{"ELEMENT":"ce76b345-e15b-4989-894c-01b5e5572315","element-6066-11e4-a52e-4f735466cecf":"ce76b345-e15b-4989-894c-01b5e5572315"}}
[debug] &amp#27;[35m[MJSONWP (869e7807)]&amp#27;[39m Responding to client with driver.findElement() result: {"element-6066-11e4-a52e-4f735466cecf":"ce76b345-e15b-4989-894c-01b5e5572315","ELEMENT":"ce76b345-e15b-4989-894c-01b5e5572315"}
&amp#27;[35m[HTTP]&amp#27;[39m &amp#27;[37m<-- POST /wd/hub/session/869e7807-8bcb-4a6d-92bb-a3c748acb768/element &amp#27;[39m&amp#27;[32m200&amp#27;[39m &amp#27;[90m5531 ms - 199&amp#27;[39m
&amp#27;[35m[HTTP]&amp#27;[39m &amp#27;[90m&amp#27;[39m
&amp#27;[35m[HTTP]&amp#27;[39m &amp#27;[37m-->&amp#27;[39m &amp#27;[37mPOST&amp#27;[39m &amp#27;[37m/wd/hub/session/869e7807-8bcb-4a6d-92bb-a3c748acb768/element/ce76b345-e15b-4989-894c-01b5e5572315/click&amp#27;[39m
&amp#27;[35m[HTTP]&amp#27;[39m &amp#27;[90m{"id":"ce76b345-e15b-4989-894c-01b5e5572315"}&amp#27;[39m
[debug] &amp#27;[35m[MJSONWP (869e7807)]&amp#27;[39m Calling AppiumDriver.click() with args: ["ce76b345-e15b-4989-894c-01b5e5572315","869e7807-8bcb-4a6d-92bb-a3c748acb768"]
[debug] &amp#27;[35m[WD Proxy]&amp#27;[39m Matched '/element/ce76b345-e15b-4989-894c-01b5e5572315/click' to command name 'click'
[debug] &amp#27;[35m[WD Proxy]&amp#27;[39m Proxying [POST /element/ce76b345-e15b-4989-894c-01b5e5572315/click] to [POST http://127.0.0.1:8200/wd/hub/session/73d9c4e3-f227-4a78-9fcf-595c38d5af5b/element/ce76b345-e15b-4989-894c-01b5e5572315/click] with body: {"element":"ce76b345-e15b-4989-894c-01b5e5572315"}
[debug] &amp#27;[35m[WD Proxy]&amp#27;[39m Got response with status 200: {"sessionId":"73d9c4e3-f227-4a78-9fcf-595c38d5af5b","value":null}
[debug] &amp#27;[35m[MJSONWP (869e7807)]&amp#27;[39m Responding to client with driver.click() result: null
&amp#27;[35m[HTTP]&amp#27;[39m &amp#27;[37m<-- POST /wd/hub/session/869e7807-8bcb-4a6d-92bb-a3c748acb768/element/ce76b345-e15b-4989-894c-01b5e5572315/click &amp#27;[39m&amp#27;[32m200&amp#27;[39m &amp#27;[90m4510 ms - 76&amp#27;[39m
&amp#27;[35m[HTTP]&amp#27;[39m &amp#27;[90m&amp#27;[39m
&amp#27;[35m[HTTP]&amp#27;[39m &amp#27;[37m-->&amp#27;[39m &amp#27;[37mPOST&amp#27;[39m &amp#27;[37m/wd/hub/session/869e7807-8bcb-4a6d-92bb-a3c748acb768/element&amp#27;[39m
&amp#27;[35m[HTTP]&amp#27;[39m &amp#27;[90m{"using":"xpath","value":"//*[@text='Biology and the scientific method']"}&amp#27;[39m
[debug] &amp#27;[35m[MJSONWP (869e7807)]&amp#27;[39m Calling AppiumDriver.findElement() with args: ["xpath","//*[@text='Biology and the scientific method']","869e7807-8bcb-4a6d-92bb-a3c748acb768"]
[debug] &amp#27;[35m[BaseDriver]&amp#27;[39m Valid locator strategies for this request: xpath, id, class name, accessibility id, -android uiautomator
[debug] &amp#27;[35m[BaseDriver]&amp#27;[39m Waiting up to 30000 ms for condition
[debug] &amp#27;[35m[WD Proxy]&amp#27;[39m Matched '/element' to command name 'findElement'
[debug] &amp#27;[35m[WD Proxy]&amp#27;[39m Proxying [POST /element] to [POST http://127.0.0.1:8200/wd/hub/session/73d9c4e3-f227-4a78-9fcf-595c38d5af5b/element] with body: {"strategy":"xpath","selector":"//*[@text='Biology and the scientific method']","context":"","multiple":false}
[debug] &amp#27;[35m[WD Proxy]&amp#27;[39m Got response with status 200: {"sessionId":"73d9c4e3-f227-4a78-9fcf-595c38d5af5b","value":{"ELEMENT":"f6425bfb-9e99-4c9f-a725-ee7dbb4715ee","element-6066-11e4-a52e-4f735466cecf":"f6425bfb-9e99-4c9f-a725-ee7dbb4715ee"}}
[debug] &amp#27;[35m[MJSONWP (869e7807)]&amp#27;[39m Responding to client with driver.findElement() result: {"element-6066-11e4-a52e-4f735466cecf":"f6425bfb-9e99-4c9f-a725-ee7dbb4715ee","ELEMENT":"f6425bfb-9e99-4c9f-a725-ee7dbb4715ee"}
&amp#27;[35m[HTTP]&amp#27;[39m &amp#27;[37m<-- POST /wd/hub/session/869e7807-8bcb-4a6d-92bb-a3c748acb768/element &amp#27;[39m&amp#27;[32m200&amp#27;[39m &amp#27;[90m162 ms - 199&amp#27;[39m
&amp#27;[35m[HTTP]&amp#27;[39m &amp#27;[90m&amp#27;[39m
&amp#27;[35m[HTTP]&amp#27;[39m &amp#27;[37m-->&amp#27;[39m &amp#27;[37mPOST&amp#27;[39m &amp#27;[37m/wd/hub/session/869e7807-8bcb-4a6d-92bb-a3c748acb768/element/f6425bfb-9e99-4c9f-a725-ee7dbb4715ee/click&amp#27;[39m
&amp#27;[35m[HTTP]&amp#27;[39m &amp#27;[90m{"id":"f6425bfb-9e99-4c9f-a725-ee7dbb4715ee"}&amp#27;[39m
[debug] &amp#27;[35m[MJSONWP (869e7807)]&amp#27;[39m Calling AppiumDriver.click() with args: ["f6425bfb-9e99-4c9f-a725-ee7dbb4715ee","869e7807-8bcb-4a6d-92bb-a3c748acb768"]
[debug] &amp#27;[35m[WD Proxy]&amp#27;[39m Matched '/element/f6425bfb-9e99-4c9f-a725-ee7dbb4715ee/click' to command name 'click'
[debug] &amp#27;[35m[WD Proxy]&amp#27;[39m Proxying [POST /element/f6425bfb-9e99-4c9f-a725-ee7dbb4715ee/click] to [POST http://127.0.0.1:8200/wd/hub/session/73d9c4e3-f227-4a78-9fcf-595c38d5af5b/element/f6425bfb-9e99-4c9f-a725-ee7dbb4715ee/click] with body: {"element":"f6425bfb-9e99-4c9f-a725-ee7dbb4715ee"}
[debug] &amp#27;[35m[WD Proxy]&amp#27;[39m Got response with status 200: {"sessionId":"73d9c4e3-f227-4a78-9fcf-595c38d5af5b","value":null}
[debug] &amp#27;[35m[MJSONWP (869e7807)]&amp#27;[39m Responding to client with driver.click() result: null
&amp#27;[35m[HTTP]&amp#27;[39m &amp#27;[37m<-- POST /wd/hub/session/869e7807-8bcb-4a6d-92bb-a3c748acb768/element/f6425bfb-9e99-4c9f-a725-ee7dbb4715ee/click &amp#27;[39m&amp#27;[32m200&amp#27;[39m &amp#27;[90m35 ms - 76&amp#27;[39m
&amp#27;[35m[HTTP]&amp#27;[39m &amp#27;[90m&amp#27;[39m
&amp#27;[35m[HTTP]&amp#27;[39m &amp#27;[37m-->&amp#27;[39m &amp#27;[37mPOST&amp#27;[39m &amp#27;[37m/wd/hub/session/869e7807-8bcb-4a6d-92bb-a3c748acb768/element&amp#27;[39m
&amp#27;[35m[HTTP]&amp#27;[39m &amp#27;[90m{"using":"xpath","value":"//*[@text='Biology overview']"}&amp#27;[39m
[debug] &amp#27;[35m[MJSONWP (869e7807)]&amp#27;[39m Calling AppiumDriver.findElement() with args: ["xpath","//*[@text='Biology overview']","869e7807-8bcb-4a6d-92bb-a3c748acb768"]
[debug] &amp#27;[35m[BaseDriver]&amp#27;[39m Valid locator strategies for this request: xpath, id, class name, accessibility id, -android uiautomator
[debug] &amp#27;[35m[BaseDriver]&amp#27;[39m Waiting up to 30000 ms for condition
[debug] &amp#27;[35m[WD Proxy]&amp#27;[39m Matched '/element' to command name 'findElement'
[debug] &amp#27;[35m[WD Proxy]&amp#27;[39m Proxying [POST /element] to [POST http://127.0.0.1:8200/wd/hub/session/73d9c4e3-f227-4a78-9fcf-595c38d5af5b/element] with body: {"strategy":"xpath","selector":"//*[@text='Biology overview']","context":"","multiple":false}
&amp#27;[35m[WD Proxy]&amp#27;[39m Got response with status 404: {"sessionId":"73d9c4e3-f227-4a78-9fcf-595c38d5af5b","value":{"error":"no such element","message":"An element could not be located on the page using the given search parameters","stacktrace":"io.appium.uiautomator2.common.exceptions.ElementNotFoundException: An element could not be located on the page using the given search parameters\n\tat io.appium.uiautomator2.handler.FindElement.findElement(FindElement.java:102)\n\tat io.appium.uiautomator2.handler.FindElement.safeHandle(FindElement.java:72)\n\tat io.appium.uiautomator2.handler.request.SafeRequestHandler.handle(SafeRequestHandler.java:38)\n\tat io.appium.uiautomator2.server.AppiumServlet.handleRequest(AppiumServlet.java:252)\n\tat io.appium.uiautomator2.server.AppiumServlet.handleHttpRequest(AppiumServlet.java:242)\n\tat io.appium.uiautomator2.http.ServerHandler.channelRead(ServerHandler.java:51)\n\tat io.netty.channel.AbstractChannelHandlerContext.invokeChannelRead(AbstractChannelHandlerContext.java:366)\n\tat io.netty.channel.AbstractChannelHandlerCon...
[debug] &amp#27;[35m[W3C]&amp#27;[39m Matched W3C error code 'no such element' to NoSuchElementError
[debug] &amp#27;[35m[BaseDriver]&amp#27;[39m Waited for 118 ms so far
[debug] &amp#27;[35m[WD Proxy]&amp#27;[39m Matched '/element' to command name 'findElement'
[debug] &amp#27;[35m[WD Proxy]&amp#27;[39m Proxying [POST /element] to [POST http://127.0.0.1:8200/wd/hub/session/73d9c4e3-f227-4a78-9fcf-595c38d5af5b/element] with body: {"strategy":"xpath","selector":"//*[@text='Biology overview']","context":"","multiple":false}
[debug] &amp#27;[35m[WD Proxy]&amp#27;[39m Got response with status 200: {"sessionId":"73d9c4e3-f227-4a78-9fcf-595c38d5af5b","value":{"ELEMENT":"eda862ae-13b0-4959-839a-639970dc947c","element-6066-11e4-a52e-4f735466cecf":"eda862ae-13b0-4959-839a-639970dc947c"}}
[debug] &amp#27;[35m[MJSONWP (869e7807)]&amp#27;[39m Responding to client with driver.findElement() result: {"element-6066-11e4-a52e-4f735466cecf":"eda862ae-13b0-4959-839a-639970dc947c","ELEMENT":"eda862ae-13b0-4959-839a-639970dc947c"}
&amp#27;[35m[HTTP]&amp#27;[39m &amp#27;[37m<-- POST /wd/hub/session/869e7807-8bcb-4a6d-92bb-a3c748acb768/element &amp#27;[39m&amp#27;[32m200&amp#27;[39m &amp#27;[90m1678 ms - 199&amp#27;[39m
&amp#27;[35m[HTTP]&amp#27;[39m &amp#27;[90m&amp#27;[39m
&amp#27;[35m[HTTP]&amp#27;[39m &amp#27;[37m-->&amp#27;[39m &amp#27;[37mPOST&amp#27;[39m &amp#27;[37m/wd/hub/session/869e7807-8bcb-4a6d-92bb-a3c748acb768/element/eda862ae-13b0-4959-839a-639970dc947c/click&amp#27;[39m
&amp#27;[35m[HTTP]&amp#27;[39m &amp#27;[90m{"id":"eda862ae-13b0-4959-839a-639970dc947c"}&amp#27;[39m
[debug] &amp#27;[35m[MJSONWP (869e7807)]&amp#27;[39m Calling AppiumDriver.click() with args: ["eda862ae-13b0-4959-839a-639970dc947c","869e7807-8bcb-4a6d-92bb-a3c748acb768"]
[debug] &amp#27;[35m[WD Proxy]&amp#27;[39m Matched '/element/eda862ae-13b0-4959-839a-639970dc947c/click' to command name 'click'
[debug] &amp#27;[35m[WD Proxy]&amp#27;[39m Proxying [POST /element/eda862ae-13b0-4959-839a-639970dc947c/click] to [POST http://127.0.0.1:8200/wd/hub/session/73d9c4e3-f227-4a78-9fcf-595c38d5af5b/element/eda862ae-13b0-4959-839a-639970dc947c/click] with body: {"element":"eda862ae-13b0-4959-839a-639970dc947c"}
[debug] &amp#27;[35m[WD Proxy]&amp#27;[39m Got response with status 200: {"sessionId":"73d9c4e3-f227-4a78-9fcf-595c38d5af5b","value":null}
[debug] &amp#27;[35m[MJSONWP (869e7807)]&amp#27;[39m Responding to client with driver.click() result: null
&amp#27;[35m[HTTP]&amp#27;[39m &amp#27;[37m<-- POST /wd/hub/session/869e7807-8bcb-4a6d-92bb-a3c748acb768/element/eda862ae-13b0-4959-839a-639970dc947c/click &amp#27;[39m&amp#27;[32m200&amp#27;[39m &amp#27;[90m19 ms - 76&amp#27;[39m
&amp#27;[35m[HTTP]&amp#27;[39m &amp#27;[90m&amp#27;[39m
&amp#27;[35m[HTTP]&amp#27;[39m &amp#27;[37m-->&amp#27;[39m &amp#27;[37mPOST&amp#27;[39m &amp#27;[37m/wd/hub/session/869e7807-8bcb-4a6d-92bb-a3c748acb768/element&amp#27;[39m
&amp#27;[35m[HTTP]&amp#27;[39m &amp#27;[90m{"using":"xpath","value":"//*[@text='Overview of biology, the study of life.']"}&amp#27;[39m
[debug] &amp#27;[35m[MJSONWP (869e7807)]&amp#27;[39m Calling AppiumDriver.findElement() with args: ["xpath","//*[@text='Overview of biology, the study of life.']","869e7807-8bcb-4a6d-92bb-a3c748acb768"]
[debug] &amp#27;[35m[BaseDriver]&amp#27;[39m Valid locator strategies for this request: xpath, id, class name, accessibility id, -android uiautomator
[debug] &amp#27;[35m[BaseDriver]&amp#27;[39m Waiting up to 30000 ms for condition
[debug] &amp#27;[35m[WD Proxy]&amp#27;[39m Matched '/element' to command name 'findElement'
[debug] &amp#27;[35m[WD Proxy]&amp#27;[39m Proxying [POST /element] to [POST http://127.0.0.1:8200/wd/hub/session/73d9c4e3-f227-4a78-9fcf-595c38d5af5b/element] with body: {"strategy":"xpath","selector":"//*[@text='Overview of biology, the study of life.']","context":"","multiple":false}
&amp#27;[35m[WD Proxy]&amp#27;[39m Got response with status 404: {"sessionId":"73d9c4e3-f227-4a78-9fcf-595c38d5af5b","value":{"error":"no such element","message":"An element could not be located on the page using the given search parameters","stacktrace":"io.appium.uiautomator2.common.exceptions.ElementNotFoundException: An element could not be located on the page using the given search parameters\n\tat io.appium.uiautomator2.handler.FindElement.findElement(FindElement.java:102)\n\tat io.appium.uiautomator2.handler.FindElement.safeHandle(FindElement.java:72)\n\tat io.appium.uiautomator2.handler.request.SafeRequestHandler.handle(SafeRequestHandler.java:38)\n\tat io.appium.uiautomator2.server.AppiumServlet.handleRequest(AppiumServlet.java:252)\n\tat io.appium.uiautomator2.server.AppiumServlet.handleHttpRequest(AppiumServlet.java:242)\n\tat io.appium.uiautomator2.http.ServerHandler.channelRead(ServerHandler.java:51)\n\tat io.netty.channel.AbstractChannelHandlerContext.invokeChannelRead(AbstractChannelHandlerContext.java:366)\n\tat io.netty.channel.AbstractChannelHandlerCon...
[debug] &amp#27;[35m[W3C]&amp#27;[39m Matched W3C error code 'no such element' to NoSuchElementError
[debug] &amp#27;[35m[BaseDriver]&amp#27;[39m Waited for 110 ms so far
[debug] &amp#27;[35m[WD Proxy]&amp#27;[39m Matched '/element' to command name 'findElement'
[debug] &amp#27;[35m[WD Proxy]&amp#27;[39m Proxying [POST /element] to [POST http://127.0.0.1:8200/wd/hub/session/73d9c4e3-f227-4a78-9fcf-595c38d5af5b/element] with body: {"strategy":"xpath","selector":"//*[@text='Overview of biology, the study of life.']","context":"","multiple":false}
[debug] &amp#27;[35m[WD Proxy]&amp#27;[39m Got response with status 200: {"sessionId":"73d9c4e3-f227-4a78-9fcf-595c38d5af5b","value":{"ELEMENT":"f430ec0d-657e-4c2b-93e4-9bbdb9a6bfde","element-6066-11e4-a52e-4f735466cecf":"f430ec0d-657e-4c2b-93e4-9bbdb9a6bfde"}}
[debug] &amp#27;[35m[MJSONWP (869e7807)]&amp#27;[39m Responding to client with driver.findElement() result: {"element-6066-11e4-a52e-4f735466cecf":"f430ec0d-657e-4c2b-93e4-9bbdb9a6bfde","ELEMENT":"f430ec0d-657e-4c2b-93e4-9bbdb9a6bfde"}
&amp#27;[35m[HTTP]&amp#27;[39m &amp#27;[37m<-- POST /wd/hub/session/869e7807-8bcb-4a6d-92bb-a3c748acb768/element &amp#27;[39m&amp#27;[32m200&amp#27;[39m &amp#27;[90m12535 ms - 199&amp#27;[39m
&amp#27;[35m[HTTP]&amp#27;[39m &amp#27;[90m&amp#27;[39m
&amp#27;[35m[HTTP]&amp#27;[39m &amp#27;[37m-->&amp#27;[39m &amp#27;[37mGET&amp#27;[39m &amp#27;[37m/wd/hub/session/869e7807-8bcb-4a6d-92bb-a3c748acb768/element/f430ec0d-657e-4c2b-93e4-9bbdb9a6bfde/displayed&amp#27;[39m
&amp#27;[35m[HTTP]&amp#27;[39m &amp#27;[90m{}&amp#27;[39m
[debug] &amp#27;[35m[MJSONWP (869e7807)]&amp#27;[39m Calling AppiumDriver.elementDisplayed() with args: ["f430ec0d-657e-4c2b-93e4-9bbdb9a6bfde","869e7807-8bcb-4a6d-92bb-a3c748acb768"]
[debug] &amp#27;[35m[WD Proxy]&amp#27;[39m Matched '/element/f430ec0d-657e-4c2b-93e4-9bbdb9a6bfde/attribute/displayed' to command name 'getAttribute'
[debug] &amp#27;[35m[WD Proxy]&amp#27;[39m Proxying [GET /element/f430ec0d-657e-4c2b-93e4-9bbdb9a6bfde/attribute/displayed] to [GET http://127.0.0.1:8200/wd/hub/session/73d9c4e3-f227-4a78-9fcf-595c38d5af5b/element/f430ec0d-657e-4c2b-93e4-9bbdb9a6bfde/attribute/displayed] with body: {}
[debug] &amp#27;[35m[WD Proxy]&amp#27;[39m Got response with status 200: {"sessionId":"73d9c4e3-f227-4a78-9fcf-595c38d5af5b","value":"true"}
[debug] &amp#27;[35m[MJSONWP (869e7807)]&amp#27;[39m Responding to client with driver.elementDisplayed() result: true
&amp#27;[35m[HTTP]&amp#27;[39m &amp#27;[37m<-- GET /wd/hub/session/869e7807-8bcb-4a6d-92bb-a3c748acb768/element/f430ec0d-657e-4c2b-93e4-9bbdb9a6bfde/displayed &amp#27;[39m&amp#27;[32m200&amp#27;[39m &amp#27;[90m20272 ms - 76&amp#27;[39m
&amp#27;[35m[HTTP]&amp#27;[39m &amp#27;[90m&amp#27;[39m
&amp#27;[35m[HTTP]&amp#27;[39m &amp#27;[37m-->&amp#27;[39m &amp#27;[37mPOST&amp#27;[39m &amp#27;[37m/wd/hub/session/869e7807-8bcb-4a6d-92bb-a3c748acb768/element&amp#27;[39m
&amp#27;[35m[HTTP]&amp#27;[39m &amp#27;[90m{"using":"xpath","value":"//*[@text='Overview of biology, the study of life.']"}&amp#27;[39m
[debug] &amp#27;[35m[MJSONWP (869e7807)]&amp#27;[39m Calling AppiumDriver.findElement() with args: ["xpath","//*[@text='Overview of biology, the study of life.']","869e7807-8bcb-4a6d-92bb-a3c748acb768"]
[debug] &amp#27;[35m[BaseDriver]&amp#27;[39m Valid locator strategies for this request: xpath, id, class name, accessibility id, -android uiautomator
[debug] &amp#27;[35m[BaseDriver]&amp#27;[39m Waiting up to 30000 ms for condition
[debug] &amp#27;[35m[WD Proxy]&amp#27;[39m Matched '/element' to command name 'findElement'
[debug] &amp#27;[35m[WD Proxy]&amp#27;[39m Proxying [POST /element] to [POST http://127.0.0.1:8200/wd/hub/session/73d9c4e3-f227-4a78-9fcf-595c38d5af5b/element] with body: {"strategy":"xpath","selector":"//*[@text='Overview of biology, the study of life.']","context":"","multiple":false}
[debug] &amp#27;[35m[WD Proxy]&amp#27;[39m Got response with status 200: {"sessionId":"73d9c4e3-f227-4a78-9fcf-595c38d5af5b","value":{"ELEMENT":"de079084-fad0-413a-ac8b-5d9e0f4bb28e","element-6066-11e4-a52e-4f735466cecf":"de079084-fad0-413a-ac8b-5d9e0f4bb28e"}}
[debug] &amp#27;[35m[MJSONWP (869e7807)]&amp#27;[39m Responding to client with driver.findElement() result: {"element-6066-11e4-a52e-4f735466cecf":"de079084-fad0-413a-ac8b-5d9e0f4bb28e","ELEMENT":"de079084-fad0-413a-ac8b-5d9e0f4bb28e"}
&amp#27;[35m[HTTP]&amp#27;[39m &amp#27;[37m<-- POST /wd/hub/session/869e7807-8bcb-4a6d-92bb-a3c748acb768/element &amp#27;[39m&amp#27;[32m200&amp#27;[39m &amp#27;[90m11684 ms - 199&amp#27;[39m
&amp#27;[35m[HTTP]&amp#27;[39m &amp#27;[90m&amp#27;[39m
&amp#27;[35m[HTTP]&amp#27;[39m &amp#27;[37m-->&amp#27;[39m &amp#27;[37mGET&amp#27;[39m &amp#27;[37m/wd/hub/session/869e7807-8bcb-4a6d-92bb-a3c748acb768/element/de079084-fad0-413a-ac8b-5d9e0f4bb28e/text&amp#27;[39m
&amp#27;[35m[HTTP]&amp#27;[39m &amp#27;[90m{}&amp#27;[39m
&amp#27;[35m[MJSONWP (869e7807)]&amp#27;[39m Driver proxy active, passing request on via HTTP proxy
[debug] &amp#27;[35m[WD Proxy]&amp#27;[39m Matched '/wd/hub/session/869e7807-8bcb-4a6d-92bb-a3c748acb768/element/de079084-fad0-413a-ac8b-5d9e0f4bb28e/text' to command name 'getText'
[debug] &amp#27;[35m[WD Proxy]&amp#27;[39m Proxying [GET /wd/hub/session/869e7807-8bcb-4a6d-92bb-a3c748acb768/element/de079084-fad0-413a-ac8b-5d9e0f4bb28e/text] to [GET http://127.0.0.1:8200/wd/hub/session/73d9c4e3-f227-4a78-9fcf-595c38d5af5b/element/de079084-fad0-413a-ac8b-5d9e0f4bb28e/text] with body: {}
[debug] &amp#27;[35m[WD Proxy]&amp#27;[39m Got response with status 200: {"sessionId":"73d9c4e3-f227-4a78-9fcf-595c38d5af5b","value":"Overview of biology, the study of life."}
&amp#27;[35m[WD Proxy]&amp#27;[39m Replacing sessionId 73d9c4e3-f227-4a78-9fcf-595c38d5af5b with 869e7807-8bcb-4a6d-92bb-a3c748acb768
&amp#27;[35m[HTTP]&amp#27;[39m &amp#27;[37m<-- GET /wd/hub/session/869e7807-8bcb-4a6d-92bb-a3c748acb768/element/de079084-fad0-413a-ac8b-5d9e0f4bb28e/text &amp#27;[39m&amp#27;[32m200&amp#27;[39m &amp#27;[90m20218 ms - 113&amp#27;[39m
&amp#27;[35m[HTTP]&amp#27;[39m &amp#27;[90m&amp#27;[39m
Viwed Biology Video Successfully
]]></system-out>
  </testcase>
</testsuite>