<?xml version="1.0" encoding="UTF-8"?>
<testng-results skipped="0" failed="0" ignored="2" total="3" passed="1">
  <reporter-output>
  </reporter-output>
  <suite name="Default suite" duration-ms="72458" started-at="2021-05-29T13:53:37 IST" finished-at="2021-05-29T13:54:50 IST">
    <groups>
    </groups>
    <test name="Default test" duration-ms="72458" started-at="2021-05-29T13:53:37 IST" finished-at="2021-05-29T13:54:50 IST">
      <class name="Framework.HybridAppTesting">
        <test-method status="PASS" signature="testcase2()[pri:0, instance:Framework.HybridAppTesting@eafc191]" name="testcase2" duration-ms="72357" started-at="2021-05-29T13:53:37 IST" finished-at="2021-05-29T13:54:50 IST">
          <reporter-output>
          </reporter-output>
        </test-method> <!-- testcase2 -->
      </class> <!-- Framework.HybridAppTesting -->
    </test> <!-- Default test -->
  </suite> <!-- Default suite -->
</testng-results>
